# JRE version: Java(TM) SE Runtime Environment (8.0_25-b17) (build 1.8.0_25-b17)
# Java VM: Java HotSpot(TM) 64-Bit Server VM (25.25-b02 mixed mode bsd-amd64 compressed oops)
Heap:
 PSYoungGen      total 113664K, used 12742K [0x000000076ab00000, 0x0000000773880000, 0x00000007c0000000)
  eden space 110592K, 8% used [0x000000076ab00000,0x000000076b499128,0x0000000771700000)
  from space 3072K, 94% used [0x0000000773580000,0x0000000773858910,0x0000000773880000)
  to   space 10752K, 0% used [0x0000000772380000,0x0000000772380000,0x0000000772e00000)
 ParOldGen       total 132096K, used 28269K [0x00000006c0000000, 0x00000006c8100000, 0x000000076ab00000)
  object space 132096K, 21% used [0x00000006c0000000,0x00000006c1b9b6b8,0x00000006c8100000)
 Metaspace       used 22340K, capacity 23762K, committed 23936K, reserved 1069056K
  class space    used 3183K, capacity 3425K, committed 3456K, reserved 1048576K
GC Heap History (10 events):
Event: 2.568 GC heap before
{Heap before GC invocations=1 (full 0):
 PSYoungGen      total 76288K, used 65536K [0x000000076ab00000, 0x0000000770000000, 0x00000007c0000000)
  eden space 65536K, 100% used [0x000000076ab00000,0x000000076eb00000,0x000000076eb00000)
  from space 10752K, 0% used [0x000000076f580000,0x000000076f580000,0x0000000770000000)
  to   space 10752K, 0% used [0x000000076eb00000,0x000000076eb00000,0x000000076f580000)
 ParOldGen       total 175104K, used 0K [0x00000006c0000000, 0x00000006cab00000, 0x000000076ab00000)
  object space 175104K, 0% used [0x00000006c0000000,0x00000006c0000000,0x00000006cab00000)
 Metaspace       used 10281K, capacity 10734K, committed 11008K, reserved 1058816K
  class space    used 1367K, capacity 1454K, committed 1536K, reserved 1048576K
Event: 2.575 GC heap after
Heap after GC invocations=1 (full 0):
 PSYoungGen      total 76288K, used 6416K [0x000000076ab00000, 0x0000000770000000, 0x00000007c0000000)
  eden space 65536K, 0% used [0x000000076ab00000,0x000000076ab00000,0x000000076eb00000)
  from space 10752K, 59% used [0x000000076eb00000,0x000000076f144060,0x000000076f580000)
  to   space 10752K, 0% used [0x000000076f580000,0x000000076f580000,0x0000000770000000)
 ParOldGen       total 175104K, used 16K [0x00000006c0000000, 0x00000006cab00000, 0x000000076ab00000)
  object space 175104K, 0% used [0x00000006c0000000,0x00000006c0004000,0x00000006cab00000)
 Metaspace       used 10281K, capacity 10734K, committed 11008K, reserved 1058816K
  class space    used 1367K, capacity 1454K, committed 1536K, reserved 1048576K
}
Event: 4.224 GC heap before
{Heap before GC invocations=2 (full 0):
 PSYoungGen      total 76288K, used 64849K [0x000000076ab00000, 0x0000000770000000, 0x00000007c0000000)
  eden space 65536K, 89% used [0x000000076ab00000,0x000000076e4104f0,0x000000076eb00000)
  from space 10752K, 59% used [0x000000076eb00000,0x000000076f144060,0x000000076f580000)
  to   space 10752K, 0% used [0x000000076f580000,0x000000076f580000,0x0000000770000000)
 ParOldGen       total 175104K, used 16K [0x00000006c0000000, 0x00000006cab00000, 0x000000076ab00000)
  object space 175104K, 0% used [0x00000006c0000000,0x00000006c0004000,0x00000006cab00000)
 Metaspace       used 19569K, capacity 20850K, committed 21120K, reserved 1067008K
  class space    used 2839K, capacity 3075K, committed 3200K, reserved 1048576K
Event: 4.241 GC heap after
Heap after GC invocations=2 (full 0):
 PSYoungGen      total 76288K, used 10736K [0x000000076ab00000, 0x0000000770000000, 0x00000007c0000000)
  eden space 65536K, 0% used [0x000000076ab00000,0x000000076ab00000,0x000000076eb00000)
  from space 10752K, 99% used [0x000000076f580000,0x000000076fffc040,0x0000000770000000)
  to   space 10752K, 0% used [0x000000076eb00000,0x000000076eb00000,0x000000076f580000)
 ParOldGen       total 175104K, used 9414K [0x00000006c0000000, 0x00000006cab00000, 0x000000076ab00000)
  object space 175104K, 5% used [0x00000006c0000000,0x00000006c0931a08,0x00000006cab00000)
 Metaspace       used 19569K, capacity 20850K, committed 21120K, reserved 1067008K
  class space    used 2839K, capacity 3075K, committed 3200K, reserved 1048576K
}
Event: 4.371 GC heap before
{Heap before GC invocations=3 (full 0):
 PSYoungGen      total 76288K, used 21280K [0x000000076ab00000, 0x0000000770000000, 0x00000007c0000000)
  eden space 65536K, 16% used [0x000000076ab00000,0x000000076b54c280,0x000000076eb00000)
  from space 10752K, 99% used [0x000000076f580000,0x000000076fffc040,0x0000000770000000)
  to   space 10752K, 0% used [0x000000076eb00000,0x000000076eb00000,0x000000076f580000)
 ParOldGen       total 175104K, used 9414K [0x00000006c0000000, 0x00000006cab00000, 0x000000076ab00000)
  object space 175104K, 5% used [0x00000006c0000000,0x00000006c0931a08,0x00000006cab00000)
 Metaspace       used 19913K, capacity 21172K, committed 21296K, reserved 1067008K
  class space    used 2868K, capacity 3076K, committed 3200K, reserved 1048576K
Event: 4.386 GC heap after
Heap after GC invocations=3 (full 0):
 PSYoungGen      total 76288K, used 10738K [0x000000076ab00000, 0x0000000774000000, 0x00000007c0000000)
  eden space 65536K, 0% used [0x000000076ab00000,0x000000076ab00000,0x000000076eb00000)
  from space 10752K, 99% used [0x000000076eb00000,0x000000076f57cad0,0x000000076f580000)
  to   space 10752K, 0% used [0x0000000773580000,0x0000000773580000,0x0000000774000000)
 ParOldGen       total 175104K, used 25798K [0x00000006c0000000, 0x00000006cab00000, 0x000000076ab00000)
  object space 175104K, 14% used [0x00000006c0000000,0x00000006c1931a28,0x00000006cab00000)
 Metaspace       used 19913K, capacity 21172K, committed 21296K, reserved 1067008K
  class space    used 2868K, capacity 3076K, committed 3200K, reserved 1048576K
}
Event: 4.386 GC heap before
{Heap before GC invocations=4 (full 1):
 PSYoungGen      total 76288K, used 10738K [0x000000076ab00000, 0x0000000774000000, 0x00000007c0000000)
  eden space 65536K, 0% used [0x000000076ab00000,0x000000076ab00000,0x000000076eb00000)
  from space 10752K, 99% used [0x000000076eb00000,0x000000076f57cad0,0x000000076f580000)
  to   space 10752K, 0% used [0x0000000773580000,0x0000000773580000,0x0000000774000000)
 ParOldGen       total 175104K, used 25798K [0x00000006c0000000, 0x00000006cab00000, 0x000000076ab00000)
  object space 175104K, 14% used [0x00000006c0000000,0x00000006c1931a28,0x00000006cab00000)
 Metaspace       used 19913K, capacity 21172K, committed 21296K, reserved 1067008K
  class space    used 2868K, capacity 3076K, committed 3200K, reserved 1048576K
Event: 4.438 GC heap after
Heap after GC invocations=4 (full 1):
 PSYoungGen      total 76288K, used 0K [0x000000076ab00000, 0x0000000774000000, 0x00000007c0000000)
  eden space 65536K, 0% used [0x000000076ab00000,0x000000076ab00000,0x000000076eb00000)
  from space 10752K, 0% used [0x000000076eb00000,0x000000076eb00000,0x000000076f580000)
  to   space 10752K, 0% used [0x0000000773580000,0x0000000773580000,0x0000000774000000)
 ParOldGen       total 132096K, used 28261K [0x00000006c0000000, 0x00000006c8100000, 0x000000076ab00000)
  object space 132096K, 21% used [0x00000006c0000000,0x00000006c1b99540,0x00000006c8100000)
 Metaspace       used 19912K, capacity 21170K, committed 21296K, reserved 1067008K
  class space    used 2867K, capacity 3075K, committed 3200K, reserved 1048576K
}
Event: 28.399 GC heap before
{Heap before GC invocations=5 (full 1):
 PSYoungGen      total 76288K, used 65536K [0x000000076ab00000, 0x0000000774000000, 0x00000007c0000000)
  eden space 65536K, 100% used [0x000000076ab00000,0x000000076eb00000,0x000000076eb00000)
  from space 10752K, 0% used [0x000000076eb00000,0x000000076eb00000,0x000000076f580000)
  to   space 10752K, 0% used [0x0000000773580000,0x0000000773580000,0x0000000774000000)
 ParOldGen       total 132096K, used 28261K [0x00000006c0000000, 0x00000006c8100000, 0x000000076ab00000)
  object space 132096K, 21% used [0x00000006c0000000,0x00000006c1b996b8,0x00000006c8100000)
 Metaspace       used 22328K, capacity 23762K, committed 23936K, reserved 1069056K
  class space    used 3183K, capacity 3425K, committed 3456K, reserved 1048576K
Event: 28.403 GC heap after
Heap after GC invocations=5 (full 1):
 PSYoungGen      total 113664K, used 2914K [0x000000076ab00000, 0x0000000773880000, 0x00000007c0000000)
  eden space 110592K, 0% used [0x000000076ab00000,0x000000076ab00000,0x0000000771700000)
  from space 3072K, 94% used [0x0000000773580000,0x0000000773858910,0x0000000773880000)
  to   space 10752K, 0% used [0x0000000772380000,0x0000000772380000,0x0000000772e00000)
 ParOldGen       total 132096K, used 28269K [0x00000006c0000000, 0x00000006c8100000, 0x000000076ab00000)
  object space 132096K, 21% used [0x00000006c0000000,0x00000006c1b9b6b8,0x00000006c8100000)
 Metaspace       used 22328K, capacity 23762K, committed 23936K, reserved 1069056K
  class space    used 3183K, capacity 3425K, committed 3456K, reserved 1048576K
}

