# JRE version: Java(TM) SE Runtime Environment (8.0_25-b17) (build 1.8.0_25-b17)
# Java VM: Java HotSpot(TM) 64-Bit Server VM (25.25-b02 mixed mode bsd-amd64 compressed oops)
Heap:
 PSYoungGen      total 1397248K, used 307415K [0x000000076ab00000, 0x00000007c0000000, 0x00000007c0000000)
  eden space 1396736K, 22% used [0x000000076ab00000,0x000000077d715fe8,0x00000007bff00000)
  from space 512K, 25% used [0x00000007bff00000,0x00000007bff20000,0x00000007bff80000)
  to   space 512K, 0% used [0x00000007bff80000,0x00000007bff80000,0x00000007c0000000)
 ParOldGen       total 139776K, used 31224K [0x00000006c0000000, 0x00000006c8880000, 0x000000076ab00000)
  object space 139776K, 22% used [0x00000006c0000000,0x00000006c1e7e2d8,0x00000006c8880000)
 Metaspace       used 22349K, capacity 23681K, committed 23808K, reserved 1069056K
  class space    used 3216K, capacity 3471K, committed 3584K, reserved 1048576K
GC Heap History (10 events):
Event: 7.289 GC heap before
{Heap before GC invocations=358 (full 1):
 PSYoungGen      total 1397248K, used 1396832K [0x000000076ab00000, 0x00000007c0000000, 0x00000007c0000000)
  eden space 1396736K, 100% used [0x000000076ab00000,0x00000007bff00000,0x00000007bff00000)
  from space 512K, 18% used [0x00000007bff80000,0x00000007bff98000,0x00000007c0000000)
  to   space 512K, 0% used [0x00000007bff00000,0x00000007bff00000,0x00000007bff80000)
 ParOldGen       total 139776K, used 31104K [0x00000006c0000000, 0x00000006c8880000, 0x000000076ab00000)
  object space 139776K, 22% used [0x00000006c0000000,0x00000006c1e602d8,0x00000006c8880000)
 Metaspace       used 22349K, capacity 23681K, committed 23808K, reserved 1069056K
  class space    used 3216K, capacity 3471K, committed 3584K, reserved 1048576K
Event: 7.290 GC heap after
Heap after GC invocations=358 (full 1):
 PSYoungGen      total 1397248K, used 128K [0x000000076ab00000, 0x00000007c0000000, 0x00000007c0000000)
  eden space 1396736K, 0% used [0x000000076ab00000,0x000000076ab00000,0x00000007bff00000)
  from space 512K, 25% used [0x00000007bff00000,0x00000007bff20000,0x00000007bff80000)
  to   space 512K, 0% used [0x00000007bff80000,0x00000007bff80000,0x00000007c0000000)
 ParOldGen       total 139776K, used 31120K [0x00000006c0000000, 0x00000006c8880000, 0x000000076ab00000)
  object space 139776K, 22% used [0x00000006c0000000,0x00000006c1e642d8,0x00000006c8880000)
 Metaspace       used 22349K, capacity 23681K, committed 23808K, reserved 1069056K
  class space    used 3216K, capacity 3471K, committed 3584K, reserved 1048576K
}
Event: 7.326 GC heap before
{Heap before GC invocations=359 (full 1):
 PSYoungGen      total 1397248K, used 1396864K [0x000000076ab00000, 0x00000007c0000000, 0x00000007c0000000)
  eden space 1396736K, 100% used [0x000000076ab00000,0x00000007bff00000,0x00000007bff00000)
  from space 512K, 25% used [0x00000007bff00000,0x00000007bff20000,0x00000007bff80000)
  to   space 512K, 0% used [0x00000007bff80000,0x00000007bff80000,0x00000007c0000000)
 ParOldGen       total 139776K, used 31120K [0x00000006c0000000, 0x00000006c8880000, 0x000000076ab00000)
  object space 139776K, 22% used [0x00000006c0000000,0x00000006c1e642d8,0x00000006c8880000)
 Metaspace       used 22349K, capacity 23681K, committed 23808K, reserved 1069056K
  class space    used 3216K, capacity 3471K, committed 3584K, reserved 1048576K
Event: 7.327 GC heap after
Heap after GC invocations=359 (full 1):
 PSYoungGen      total 1397248K, used 128K [0x000000076ab00000, 0x00000007c0000000, 0x00000007c0000000)
  eden space 1396736K, 0% used [0x000000076ab00000,0x000000076ab00000,0x00000007bff00000)
  from space 512K, 25% used [0x00000007bff80000,0x00000007bffa0000,0x00000007c0000000)
  to   space 512K, 0% used [0x00000007bff00000,0x00000007bff00000,0x00000007bff80000)
 ParOldGen       total 139776K, used 31152K [0x00000006c0000000, 0x00000006c8880000, 0x000000076ab00000)
  object space 139776K, 22% used [0x00000006c0000000,0x00000006c1e6c2d8,0x00000006c8880000)
 Metaspace       used 22349K, capacity 23681K, committed 23808K, reserved 1069056K
  class space    used 3216K, capacity 3471K, committed 3584K, reserved 1048576K
}
Event: 7.354 GC heap before
{Heap before GC invocations=360 (full 1):
 PSYoungGen      total 1397248K, used 1396864K [0x000000076ab00000, 0x00000007c0000000, 0x00000007c0000000)
  eden space 1396736K, 100% used [0x000000076ab00000,0x00000007bff00000,0x00000007bff00000)
  from space 512K, 25% used [0x00000007bff80000,0x00000007bffa0000,0x00000007c0000000)
  to   space 512K, 0% used [0x00000007bff00000,0x00000007bff00000,0x00000007bff80000)
 ParOldGen       total 139776K, used 31152K [0x00000006c0000000, 0x00000006c8880000, 0x000000076ab00000)
  object space 139776K, 22% used [0x00000006c0000000,0x00000006c1e6c2d8,0x00000006c8880000)
 Metaspace       used 22349K, capacity 23681K, committed 23808K, reserved 1069056K
  class space    used 3216K, capacity 3471K, committed 3584K, reserved 1048576K
Event: 7.355 GC heap after
Heap after GC invocations=360 (full 1):
 PSYoungGen      total 1397248K, used 96K [0x000000076ab00000, 0x00000007c0000000, 0x00000007c0000000)
  eden space 1396736K, 0% used [0x000000076ab00000,0x000000076ab00000,0x00000007bff00000)
  from space 512K, 18% used [0x00000007bff00000,0x00000007bff18000,0x00000007bff80000)
  to   space 512K, 0% used [0x00000007bff80000,0x00000007bff80000,0x00000007c0000000)
 ParOldGen       total 139776K, used 31176K [0x00000006c0000000, 0x00000006c8880000, 0x000000076ab00000)
  object space 139776K, 22% used [0x00000006c0000000,0x00000006c1e722d8,0x00000006c8880000)
 Metaspace       used 22349K, capacity 23681K, committed 23808K, reserved 1069056K
  class space    used 3216K, capacity 3471K, committed 3584K, reserved 1048576K
}
Event: 7.380 GC heap before
{Heap before GC invocations=361 (full 1):
 PSYoungGen      total 1397248K, used 1396832K [0x000000076ab00000, 0x00000007c0000000, 0x00000007c0000000)
  eden space 1396736K, 100% used [0x000000076ab00000,0x00000007bff00000,0x00000007bff00000)
  from space 512K, 18% used [0x00000007bff00000,0x00000007bff18000,0x00000007bff80000)
  to   space 512K, 0% used [0x00000007bff80000,0x00000007bff80000,0x00000007c0000000)
 ParOldGen       total 139776K, used 31176K [0x00000006c0000000, 0x00000006c8880000, 0x000000076ab00000)
  object space 139776K, 22% used [0x00000006c0000000,0x00000006c1e722d8,0x00000006c8880000)
 Metaspace       used 22349K, capacity 23681K, committed 23808K, reserved 1069056K
  class space    used 3216K, capacity 3471K, committed 3584K, reserved 1048576K
Event: 7.381 GC heap after
Heap after GC invocations=361 (full 1):
 PSYoungGen      total 1397248K, used 96K [0x000000076ab00000, 0x00000007c0000000, 0x00000007c0000000)
  eden space 1396736K, 0% used [0x000000076ab00000,0x000000076ab00000,0x00000007bff00000)
  from space 512K, 18% used [0x00000007bff80000,0x00000007bff98000,0x00000007c0000000)
  to   space 512K, 0% used [0x00000007bff00000,0x00000007bff00000,0x00000007bff80000)
 ParOldGen       total 139776K, used 31200K [0x00000006c0000000, 0x00000006c8880000, 0x000000076ab00000)
  object space 139776K, 22% used [0x00000006c0000000,0x00000006c1e782d8,0x00000006c8880000)
 Metaspace       used 22349K, capacity 23681K, committed 23808K, reserved 1069056K
  class space    used 3216K, capacity 3471K, committed 3584K, reserved 1048576K
}
Event: 7.395 GC heap before
{Heap before GC invocations=362 (full 1):
 PSYoungGen      total 1397248K, used 1396832K [0x000000076ab00000, 0x00000007c0000000, 0x00000007c0000000)
  eden space 1396736K, 100% used [0x000000076ab00000,0x00000007bff00000,0x00000007bff00000)
  from space 512K, 18% used [0x00000007bff80000,0x00000007bff98000,0x00000007c0000000)
  to   space 512K, 0% used [0x00000007bff00000,0x00000007bff00000,0x00000007bff80000)
 ParOldGen       total 139776K, used 31200K [0x00000006c0000000, 0x00000006c8880000, 0x000000076ab00000)
  object space 139776K, 22% used [0x00000006c0000000,0x00000006c1e782d8,0x00000006c8880000)
 Metaspace       used 22349K, capacity 23681K, committed 23808K, reserved 1069056K
  class space    used 3216K, capacity 3471K, committed 3584K, reserved 1048576K
Event: 7.395 GC heap after
Heap after GC invocations=362 (full 1):
 PSYoungGen      total 1397248K, used 128K [0x000000076ab00000, 0x00000007c0000000, 0x00000007c0000000)
  eden space 1396736K, 0% used [0x000000076ab00000,0x000000076ab00000,0x00000007bff00000)
  from space 512K, 25% used [0x00000007bff00000,0x00000007bff20000,0x00000007bff80000)
  to   space 512K, 0% used [0x00000007bff80000,0x00000007bff80000,0x00000007c0000000)
 ParOldGen       total 139776K, used 31224K [0x00000006c0000000, 0x00000006c8880000, 0x000000076ab00000)
  object space 139776K, 22% used [0x00000006c0000000,0x00000006c1e7e2d8,0x00000006c8880000)
 Metaspace       used 22349K, capacity 23681K, committed 23808K, reserved 1069056K
  class space    used 3216K, capacity 3471K, committed 3584K, reserved 1048576K
}

