# JRE version: Java(TM) SE Runtime Environment (8.0_25-b17) (build 1.8.0_25-b17)
# Java VM: Java HotSpot(TM) 64-Bit Server VM (25.25-b02 mixed mode bsd-amd64 compressed oops)
Heap:
 PSYoungGen      total 1395200K, used 1381778K [0x000000076ab00000, 0x00000007c0000000, 0x00000007c0000000)
  eden space 1393664K, 99% used [0x000000076ab00000,0x00000007beee4b18,0x00000007bfc00000)
  from space 1536K, 100% used [0x00000007bfe80000,0x00000007c0000000,0x00000007c0000000)
  to   space 2048K, 0% used [0x00000007bfc00000,0x00000007bfc00000,0x00000007bfe00000)
 ParOldGen       total 139776K, used 38861K [0x00000006c0000000, 0x00000006c8880000, 0x000000076ab00000)
  object space 139776K, 27% used [0x00000006c0000000,0x00000006c25f3440,0x00000006c8880000)
 Metaspace       used 23870K, capacity 25410K, committed 25600K, reserved 1071104K
  class space    used 3290K, capacity 3583K, committed 3584K, reserved 1048576K
GC Heap History (10 events):
Event: 32.945 GC heap before
{Heap before GC invocations=717 (full 1):
 PSYoungGen      total 1396736K, used 1396320K [0x000000076ab00000, 0x00000007c0000000, 0x00000007c0000000)
  eden space 1395712K, 100% used [0x000000076ab00000,0x00000007bfe00000,0x00000007bfe00000)
  from space 1024K, 59% used [0x00000007bfe00000,0x00000007bfe98000,0x00000007bff00000)
  to   space 1024K, 0% used [0x00000007bff00000,0x00000007bff00000,0x00000007c0000000)
 ParOldGen       total 139776K, used 38005K [0x00000006c0000000, 0x00000006c8880000, 0x000000076ab00000)
  object space 139776K, 27% used [0x00000006c0000000,0x00000006c251d440,0x00000006c8880000)
 Metaspace       used 23824K, capacity 25346K, committed 25600K, reserved 1071104K
  class space    used 3289K, capacity 3583K, committed 3584K, reserved 1048576K
Event: 32.947 GC heap after
Heap after GC invocations=717 (full 1):
 PSYoungGen      total 1396736K, used 608K [0x000000076ab00000, 0x00000007c0000000, 0x00000007c0000000)
  eden space 1395712K, 0% used [0x000000076ab00000,0x000000076ab00000,0x00000007bfe00000)
  from space 1024K, 59% used [0x00000007bff00000,0x00000007bff98000,0x00000007c0000000)
  to   space 1024K, 0% used [0x00000007bfe00000,0x00000007bfe00000,0x00000007bff00000)
 ParOldGen       total 139776K, used 38005K [0x00000006c0000000, 0x00000006c8880000, 0x000000076ab00000)
  object space 139776K, 27% used [0x00000006c0000000,0x00000006c251d440,0x00000006c8880000)
 Metaspace       used 23824K, capacity 25346K, committed 25600K, reserved 1071104K
  class space    used 3289K, capacity 3583K, committed 3584K, reserved 1048576K
}
Event: 34.610 GC heap before
{Heap before GC invocations=718 (full 1):
 PSYoungGen      total 1396736K, used 1396320K [0x000000076ab00000, 0x00000007c0000000, 0x00000007c0000000)
  eden space 1395712K, 100% used [0x000000076ab00000,0x00000007bfe00000,0x00000007bfe00000)
  from space 1024K, 59% used [0x00000007bff00000,0x00000007bff98000,0x00000007c0000000)
  to   space 1024K, 0% used [0x00000007bfe00000,0x00000007bfe00000,0x00000007bff00000)
 ParOldGen       total 139776K, used 38005K [0x00000006c0000000, 0x00000006c8880000, 0x000000076ab00000)
  object space 139776K, 27% used [0x00000006c0000000,0x00000006c251d440,0x00000006c8880000)
 Metaspace       used 23852K, capacity 25346K, committed 25600K, reserved 1071104K
  class space    used 3289K, capacity 3583K, committed 3584K, reserved 1048576K
Event: 34.612 GC heap after
Heap after GC invocations=718 (full 1):
 PSYoungGen      total 1396736K, used 1024K [0x000000076ab00000, 0x00000007c0000000, 0x00000007c0000000)
  eden space 1395712K, 0% used [0x000000076ab00000,0x000000076ab00000,0x00000007bfe00000)
  from space 1024K, 100% used [0x00000007bfe00000,0x00000007bff00000,0x00000007bff00000)
  to   space 1024K, 0% used [0x00000007bff00000,0x00000007bff00000,0x00000007c0000000)
 ParOldGen       total 139776K, used 38341K [0x00000006c0000000, 0x00000006c8880000, 0x000000076ab00000)
  object space 139776K, 27% used [0x00000006c0000000,0x00000006c2571440,0x00000006c8880000)
 Metaspace       used 23852K, capacity 25346K, committed 25600K, reserved 1071104K
  class space    used 3289K, capacity 3583K, committed 3584K, reserved 1048576K
}
Event: 34.876 GC heap before
{Heap before GC invocations=719 (full 1):
 PSYoungGen      total 1396736K, used 1396736K [0x000000076ab00000, 0x00000007c0000000, 0x00000007c0000000)
  eden space 1395712K, 100% used [0x000000076ab00000,0x00000007bfe00000,0x00000007bfe00000)
  from space 1024K, 100% used [0x00000007bfe00000,0x00000007bff00000,0x00000007bff00000)
  to   space 1024K, 0% used [0x00000007bff00000,0x00000007bff00000,0x00000007c0000000)
 ParOldGen       total 139776K, used 38341K [0x00000006c0000000, 0x00000006c8880000, 0x000000076ab00000)
  object space 139776K, 27% used [0x00000006c0000000,0x00000006c2571440,0x00000006c8880000)
 Metaspace       used 23853K, capacity 25346K, committed 25600K, reserved 1071104K
  class space    used 3289K, capacity 3583K, committed 3584K, reserved 1048576K
Event: 34.878 GC heap after
Heap after GC invocations=719 (full 1):
 PSYoungGen      total 1395712K, used 1024K [0x000000076ab00000, 0x00000007c0000000, 0x00000007c0000000)
  eden space 1394688K, 0% used [0x000000076ab00000,0x000000076ab00000,0x00000007bfd00000)
  from space 1024K, 100% used [0x00000007bff00000,0x00000007c0000000,0x00000007c0000000)
  to   space 1536K, 0% used [0x00000007bfd00000,0x00000007bfd00000,0x00000007bfe80000)
 ParOldGen       total 139776K, used 38429K [0x00000006c0000000, 0x00000006c8880000, 0x000000076ab00000)
  object space 139776K, 27% used [0x00000006c0000000,0x00000006c2587440,0x00000006c8880000)
 Metaspace       used 23853K, capacity 25346K, committed 25600K, reserved 1071104K
  class space    used 3289K, capacity 3583K, committed 3584K, reserved 1048576K
}
Event: 35.644 GC heap before
{Heap before GC invocations=720 (full 1):
 PSYoungGen      total 1395712K, used 1395712K [0x000000076ab00000, 0x00000007c0000000, 0x00000007c0000000)
  eden space 1394688K, 100% used [0x000000076ab00000,0x00000007bfd00000,0x00000007bfd00000)
  from space 1024K, 100% used [0x00000007bff00000,0x00000007c0000000,0x00000007c0000000)
  to   space 1536K, 0% used [0x00000007bfd00000,0x00000007bfd00000,0x00000007bfe80000)
 ParOldGen       total 139776K, used 38429K [0x00000006c0000000, 0x00000006c8880000, 0x000000076ab00000)
  object space 139776K, 27% used [0x00000006c0000000,0x00000006c2587440,0x00000006c8880000)
 Metaspace       used 23861K, capacity 25346K, committed 25600K, reserved 1071104K
  class space    used 3289K, capacity 3583K, committed 3584K, reserved 1048576K
Event: 35.647 GC heap after
Heap after GC invocations=720 (full 1):
 PSYoungGen      total 1396224K, used 1536K [0x000000076ab00000, 0x00000007c0000000, 0x00000007c0000000)
  eden space 1394688K, 0% used [0x000000076ab00000,0x000000076ab00000,0x00000007bfd00000)
  from space 1536K, 100% used [0x00000007bfd00000,0x00000007bfe80000,0x00000007bfe80000)
  to   space 1536K, 0% used [0x00000007bfe80000,0x00000007bfe80000,0x00000007c0000000)
 ParOldGen       total 139776K, used 38781K [0x00000006c0000000, 0x00000006c8880000, 0x000000076ab00000)
  object space 139776K, 27% used [0x00000006c0000000,0x00000006c25df440,0x00000006c8880000)
 Metaspace       used 23861K, capacity 25346K, committed 25600K, reserved 1071104K
  class space    used 3289K, capacity 3583K, committed 3584K, reserved 1048576K
}
Event: 36.685 GC heap before
{Heap before GC invocations=721 (full 1):
 PSYoungGen      total 1396224K, used 1396224K [0x000000076ab00000, 0x00000007c0000000, 0x00000007c0000000)
  eden space 1394688K, 100% used [0x000000076ab00000,0x00000007bfd00000,0x00000007bfd00000)
  from space 1536K, 100% used [0x00000007bfd00000,0x00000007bfe80000,0x00000007bfe80000)
  to   space 1536K, 0% used [0x00000007bfe80000,0x00000007bfe80000,0x00000007c0000000)
 ParOldGen       total 139776K, used 38781K [0x00000006c0000000, 0x00000006c8880000, 0x000000076ab00000)
  object space 139776K, 27% used [0x00000006c0000000,0x00000006c25df440,0x00000006c8880000)
 Metaspace       used 23864K, capacity 25410K, committed 25600K, reserved 1071104K
  class space    used 3290K, capacity 3583K, committed 3584K, reserved 1048576K
Event: 36.687 GC heap after
Heap after GC invocations=721 (full 1):
 PSYoungGen      total 1395200K, used 1536K [0x000000076ab00000, 0x00000007c0000000, 0x00000007c0000000)
  eden space 1393664K, 0% used [0x000000076ab00000,0x000000076ab00000,0x00000007bfc00000)
  from space 1536K, 100% used [0x00000007bfe80000,0x00000007c0000000,0x00000007c0000000)
  to   space 2048K, 0% used [0x00000007bfc00000,0x00000007bfc00000,0x00000007bfe00000)
 ParOldGen       total 139776K, used 38861K [0x00000006c0000000, 0x00000006c8880000, 0x000000076ab00000)
  object space 139776K, 27% used [0x00000006c0000000,0x00000006c25f3440,0x00000006c8880000)
 Metaspace       used 23864K, capacity 25410K, committed 25600K, reserved 1071104K
  class space    used 3290K, capacity 3583K, committed 3584K, reserved 1048576K
}

