# JRE version: Java(TM) SE Runtime Environment (8.0_25-b17) (build 1.8.0_25-b17)
# Java VM: Java HotSpot(TM) 64-Bit Server VM (25.25-b02 mixed mode bsd-amd64 compressed oops)
Heap:
 PSYoungGen      total 1397248K, used 1396864K [0x000000076ab00000, 0x00000007c0000000, 0x00000007c0000000)
  eden space 1396736K, 100% used [0x000000076ab00000,0x00000007bff00000,0x00000007bff00000)
  from space 512K, 25% used [0x00000007bff00000,0x00000007bff20000,0x00000007bff80000)
  to   space 512K, 43% used [0x00000007bff80000,0x00000007bffb8000,0x00000007c0000000)
 ParOldGen       total 151552K, used 22741K [0x00000006c0000000, 0x00000006c9400000, 0x000000076ab00000)
  object space 151552K, 15% used [0x00000006c0000000,0x00000006c1635620,0x00000006c9400000)
 Metaspace       used 20313K, capacity 21664K, committed 21888K, reserved 1069056K
  class space    used 2911K, capacity 3148K, committed 3200K, reserved 1048576K
GC Heap History (10 events):
Event: 8.353 GC heap before
{Heap before GC invocations=370 (full 1):
 PSYoungGen      total 1397248K, used 1396928K [0x000000076ab00000, 0x00000007c0000000, 0x00000007c0000000)
  eden space 1396736K, 100% used [0x000000076ab00000,0x00000007bff00000,0x00000007bff00000)
  from space 512K, 37% used [0x00000007bff80000,0x00000007bffb0000,0x00000007c0000000)
  to   space 512K, 0% used [0x00000007bff00000,0x00000007bff00000,0x00000007bff80000)
 ParOldGen       total 151552K, used 22445K [0x00000006c0000000, 0x00000006c9400000, 0x000000076ab00000)
  object space 151552K, 14% used [0x00000006c0000000,0x00000006c15eb620,0x00000006c9400000)
 Metaspace       used 20264K, capacity 21600K, committed 21888K, reserved 1069056K
  class space    used 2900K, capacity 3148K, committed 3200K, reserved 1048576K
Event: 8.353 GC heap after
Heap after GC invocations=370 (full 1):
 PSYoungGen      total 1397248K, used 288K [0x000000076ab00000, 0x00000007c0000000, 0x00000007c0000000)
  eden space 1396736K, 0% used [0x000000076ab00000,0x000000076ab00000,0x00000007bff00000)
  from space 512K, 56% used [0x00000007bff00000,0x00000007bff48000,0x00000007bff80000)
  to   space 512K, 0% used [0x00000007bff80000,0x00000007bff80000,0x00000007c0000000)
 ParOldGen       total 151552K, used 22501K [0x00000006c0000000, 0x00000006c9400000, 0x000000076ab00000)
  object space 151552K, 14% used [0x00000006c0000000,0x00000006c15f9620,0x00000006c9400000)
 Metaspace       used 20264K, capacity 21600K, committed 21888K, reserved 1069056K
  class space    used 2900K, capacity 3148K, committed 3200K, reserved 1048576K
}
Event: 8.356 GC heap before
{Heap before GC invocations=371 (full 1):
 PSYoungGen      total 1397248K, used 1397024K [0x000000076ab00000, 0x00000007c0000000, 0x00000007c0000000)
  eden space 1396736K, 100% used [0x000000076ab00000,0x00000007bff00000,0x00000007bff00000)
  from space 512K, 56% used [0x00000007bff00000,0x00000007bff48000,0x00000007bff80000)
  to   space 512K, 0% used [0x00000007bff80000,0x00000007bff80000,0x00000007c0000000)
 ParOldGen       total 151552K, used 22501K [0x00000006c0000000, 0x00000006c9400000, 0x000000076ab00000)
  object space 151552K, 14% used [0x00000006c0000000,0x00000006c15f9620,0x00000006c9400000)
 Metaspace       used 20282K, capacity 21664K, committed 21888K, reserved 1069056K
  class space    used 2907K, capacity 3148K, committed 3200K, reserved 1048576K
Event: 8.356 GC heap after
Heap after GC invocations=371 (full 1):
 PSYoungGen      total 1397248K, used 192K [0x000000076ab00000, 0x00000007c0000000, 0x00000007c0000000)
  eden space 1396736K, 0% used [0x000000076ab00000,0x000000076ab00000,0x00000007bff00000)
  from space 512K, 37% used [0x00000007bff80000,0x00000007bffb0000,0x00000007c0000000)
  to   space 512K, 0% used [0x00000007bff00000,0x00000007bff00000,0x00000007bff80000)
 ParOldGen       total 151552K, used 22565K [0x00000006c0000000, 0x00000006c9400000, 0x000000076ab00000)
  object space 151552K, 14% used [0x00000006c0000000,0x00000006c1609620,0x00000006c9400000)
 Metaspace       used 20282K, capacity 21664K, committed 21888K, reserved 1069056K
  class space    used 2907K, capacity 3148K, committed 3200K, reserved 1048576K
}
Event: 8.379 GC heap before
{Heap before GC invocations=372 (full 1):
 PSYoungGen      total 1397248K, used 1396928K [0x000000076ab00000, 0x00000007c0000000, 0x00000007c0000000)
  eden space 1396736K, 100% used [0x000000076ab00000,0x00000007bff00000,0x00000007bff00000)
  from space 512K, 37% used [0x00000007bff80000,0x00000007bffb0000,0x00000007c0000000)
  to   space 512K, 0% used [0x00000007bff00000,0x00000007bff00000,0x00000007bff80000)
 ParOldGen       total 151552K, used 22565K [0x00000006c0000000, 0x00000006c9400000, 0x000000076ab00000)
  object space 151552K, 14% used [0x00000006c0000000,0x00000006c1609620,0x00000006c9400000)
 Metaspace       used 20287K, capacity 21664K, committed 21888K, reserved 1069056K
  class space    used 2908K, capacity 3148K, committed 3200K, reserved 1048576K
Event: 8.380 GC heap after
Heap after GC invocations=372 (full 1):
 PSYoungGen      total 1397248K, used 192K [0x000000076ab00000, 0x00000007c0000000, 0x00000007c0000000)
  eden space 1396736K, 0% used [0x000000076ab00000,0x000000076ab00000,0x00000007bff00000)
  from space 512K, 37% used [0x00000007bff00000,0x00000007bff30000,0x00000007bff80000)
  to   space 512K, 0% used [0x00000007bff80000,0x00000007bff80000,0x00000007c0000000)
 ParOldGen       total 151552K, used 22629K [0x00000006c0000000, 0x00000006c9400000, 0x000000076ab00000)
  object space 151552K, 14% used [0x00000006c0000000,0x00000006c1619620,0x00000006c9400000)
 Metaspace       used 20287K, capacity 21664K, committed 21888K, reserved 1069056K
  class space    used 2908K, capacity 3148K, committed 3200K, reserved 1048576K
}
Event: 8.386 GC heap before
{Heap before GC invocations=373 (full 1):
 PSYoungGen      total 1397248K, used 1396928K [0x000000076ab00000, 0x00000007c0000000, 0x00000007c0000000)
  eden space 1396736K, 100% used [0x000000076ab00000,0x00000007bff00000,0x00000007bff00000)
  from space 512K, 37% used [0x00000007bff00000,0x00000007bff30000,0x00000007bff80000)
  to   space 512K, 0% used [0x00000007bff80000,0x00000007bff80000,0x00000007c0000000)
 ParOldGen       total 151552K, used 22629K [0x00000006c0000000, 0x00000006c9400000, 0x000000076ab00000)
  object space 151552K, 14% used [0x00000006c0000000,0x00000006c1619620,0x00000006c9400000)
 Metaspace       used 20302K, capacity 21664K, committed 21888K, reserved 1069056K
  class space    used 2910K, capacity 3148K, committed 3200K, reserved 1048576K
Event: 8.386 GC heap after
Heap after GC invocations=373 (full 1):
 PSYoungGen      total 1397248K, used 224K [0x000000076ab00000, 0x00000007c0000000, 0x00000007c0000000)
  eden space 1396736K, 0% used [0x000000076ab00000,0x000000076ab00000,0x00000007bff00000)
  from space 512K, 43% used [0x00000007bff80000,0x00000007bffb8000,0x00000007c0000000)
  to   space 512K, 0% used [0x00000007bff00000,0x00000007bff00000,0x00000007bff80000)
 ParOldGen       total 151552K, used 22677K [0x00000006c0000000, 0x00000006c9400000, 0x000000076ab00000)
  object space 151552K, 14% used [0x00000006c0000000,0x00000006c1625620,0x00000006c9400000)
 Metaspace       used 20302K, capacity 21664K, committed 21888K, reserved 1069056K
  class space    used 2910K, capacity 3148K, committed 3200K, reserved 1048576K
}
Event: 8.406 GC heap before
{Heap before GC invocations=374 (full 1):
 PSYoungGen      total 1397248K, used 1396960K [0x000000076ab00000, 0x00000007c0000000, 0x00000007c0000000)
  eden space 1396736K, 100% used [0x000000076ab00000,0x00000007bff00000,0x00000007bff00000)
  from space 512K, 43% used [0x00000007bff80000,0x00000007bffb8000,0x00000007c0000000)
  to   space 512K, 0% used [0x00000007bff00000,0x00000007bff00000,0x00000007bff80000)
 ParOldGen       total 151552K, used 22677K [0x00000006c0000000, 0x00000006c9400000, 0x000000076ab00000)
  object space 151552K, 14% used [0x00000006c0000000,0x00000006c1625620,0x00000006c9400000)
 Metaspace       used 20302K, capacity 21664K, committed 21888K, reserved 1069056K
  class space    used 2910K, capacity 3148K, committed 3200K, reserved 1048576K
Event: 8.406 GC heap after
Heap after GC invocations=374 (full 1):
 PSYoungGen      total 1397248K, used 128K [0x000000076ab00000, 0x00000007c0000000, 0x00000007c0000000)
  eden space 1396736K, 0% used [0x000000076ab00000,0x000000076ab00000,0x00000007bff00000)
  from space 512K, 25% used [0x00000007bff00000,0x00000007bff20000,0x00000007bff80000)
  to   space 512K, 0% used [0x00000007bff80000,0x00000007bff80000,0x00000007c0000000)
 ParOldGen       total 151552K, used 22717K [0x00000006c0000000, 0x00000006c9400000, 0x000000076ab00000)
  object space 151552K, 14% used [0x00000006c0000000,0x00000006c162f620,0x00000006c9400000)
 Metaspace       used 20302K, capacity 21664K, committed 21888K, reserved 1069056K
  class space    used 2910K, capacity 3148K, committed 3200K, reserved 1048576K
}

