# JRE version: Java(TM) SE Runtime Environment (8.0_25-b17) (build 1.8.0_25-b17)
# Java VM: Java HotSpot(TM) 64-Bit Server VM (25.25-b02 mixed mode bsd-amd64 compressed oops)
Heap:
 PSYoungGen      total 1397248K, used 44988K [0x000000076ab00000, 0x00000007c0000000, 0x00000007c0000000)
  eden space 1396736K, 3% used [0x000000076ab00000,0x000000076d6a71e8,0x00000007bff00000)
  from space 512K, 56% used [0x00000007bff00000,0x00000007bff48000,0x00000007bff80000)
  to   space 512K, 0% used [0x00000007bff80000,0x00000007bff80000,0x00000007c0000000)
 ParOldGen       total 138752K, used 39950K [0x00000006c0000000, 0x00000006c8780000, 0x000000076ab00000)
  object space 138752K, 28% used [0x00000006c0000000,0x00000006c2703a30,0x00000006c8780000)
 Metaspace       used 22700K, capacity 24095K, committed 24320K, reserved 1071104K
  class space    used 3219K, capacity 3472K, committed 3584K, reserved 1048576K
GC Heap History (10 events):
Event: 15.502 GC heap before
{Heap before GC invocations=994 (full 1):
 PSYoungGen      total 1397248K, used 1396832K [0x000000076ab00000, 0x00000007c0000000, 0x00000007c0000000)
  eden space 1396736K, 100% used [0x000000076ab00000,0x00000007bff00000,0x00000007bff00000)
  from space 512K, 18% used [0x00000007bff80000,0x00000007bff98000,0x00000007c0000000)
  to   space 512K, 0% used [0x00000007bff00000,0x00000007bff00000,0x00000007bff80000)
 ParOldGen       total 138752K, used 39822K [0x00000006c0000000, 0x00000006c8780000, 0x000000076ab00000)
  object space 138752K, 28% used [0x00000006c0000000,0x00000006c26e3a30,0x00000006c8780000)
 Metaspace       used 22671K, capacity 24031K, committed 24320K, reserved 1071104K
  class space    used 3217K, capacity 3472K, committed 3584K, reserved 1048576K
Event: 15.503 GC heap after
Heap after GC invocations=994 (full 1):
 PSYoungGen      total 1397248K, used 128K [0x000000076ab00000, 0x00000007c0000000, 0x00000007c0000000)
  eden space 1396736K, 0% used [0x000000076ab00000,0x000000076ab00000,0x00000007bff00000)
  from space 512K, 25% used [0x00000007bff00000,0x00000007bff20000,0x00000007bff80000)
  to   space 512K, 0% used [0x00000007bff80000,0x00000007bff80000,0x00000007c0000000)
 ParOldGen       total 138752K, used 39830K [0x00000006c0000000, 0x00000006c8780000, 0x000000076ab00000)
  object space 138752K, 28% used [0x00000006c0000000,0x00000006c26e5a30,0x00000006c8780000)
 Metaspace       used 22671K, capacity 24031K, committed 24320K, reserved 1071104K
  class space    used 3217K, capacity 3472K, committed 3584K, reserved 1048576K
}
Event: 15.545 GC heap before
{Heap before GC invocations=995 (full 1):
 PSYoungGen      total 1397248K, used 1396864K [0x000000076ab00000, 0x00000007c0000000, 0x00000007c0000000)
  eden space 1396736K, 100% used [0x000000076ab00000,0x00000007bff00000,0x00000007bff00000)
  from space 512K, 25% used [0x00000007bff00000,0x00000007bff20000,0x00000007bff80000)
  to   space 512K, 0% used [0x00000007bff80000,0x00000007bff80000,0x00000007c0000000)
 ParOldGen       total 138752K, used 39830K [0x00000006c0000000, 0x00000006c8780000, 0x000000076ab00000)
  object space 138752K, 28% used [0x00000006c0000000,0x00000006c26e5a30,0x00000006c8780000)
 Metaspace       used 22673K, capacity 24095K, committed 24320K, reserved 1071104K
  class space    used 3217K, capacity 3472K, committed 3584K, reserved 1048576K
Event: 15.546 GC heap after
Heap after GC invocations=995 (full 1):
 PSYoungGen      total 1397248K, used 128K [0x000000076ab00000, 0x00000007c0000000, 0x00000007c0000000)
  eden space 1396736K, 0% used [0x000000076ab00000,0x000000076ab00000,0x00000007bff00000)
  from space 512K, 25% used [0x00000007bff80000,0x00000007bffa0000,0x00000007c0000000)
  to   space 512K, 0% used [0x00000007bff00000,0x00000007bff00000,0x00000007bff80000)
 ParOldGen       total 138752K, used 39854K [0x00000006c0000000, 0x00000006c8780000, 0x000000076ab00000)
  object space 138752K, 28% used [0x00000006c0000000,0x00000006c26eba30,0x00000006c8780000)
 Metaspace       used 22673K, capacity 24095K, committed 24320K, reserved 1071104K
  class space    used 3217K, capacity 3472K, committed 3584K, reserved 1048576K
}
Event: 15.577 GC heap before
{Heap before GC invocations=996 (full 1):
 PSYoungGen      total 1397248K, used 1396864K [0x000000076ab00000, 0x00000007c0000000, 0x00000007c0000000)
  eden space 1396736K, 100% used [0x000000076ab00000,0x00000007bff00000,0x00000007bff00000)
  from space 512K, 25% used [0x00000007bff80000,0x00000007bffa0000,0x00000007c0000000)
  to   space 512K, 0% used [0x00000007bff00000,0x00000007bff00000,0x00000007bff80000)
 ParOldGen       total 138752K, used 39854K [0x00000006c0000000, 0x00000006c8780000, 0x000000076ab00000)
  object space 138752K, 28% used [0x00000006c0000000,0x00000006c26eba30,0x00000006c8780000)
 Metaspace       used 22678K, capacity 24095K, committed 24320K, reserved 1071104K
  class space    used 3217K, capacity 3472K, committed 3584K, reserved 1048576K
Event: 15.578 GC heap after
Heap after GC invocations=996 (full 1):
 PSYoungGen      total 1397248K, used 160K [0x000000076ab00000, 0x00000007c0000000, 0x00000007c0000000)
  eden space 1396736K, 0% used [0x000000076ab00000,0x000000076ab00000,0x00000007bff00000)
  from space 512K, 31% used [0x00000007bff00000,0x00000007bff28000,0x00000007bff80000)
  to   space 512K, 0% used [0x00000007bff80000,0x00000007bff80000,0x00000007c0000000)
 ParOldGen       total 138752K, used 39886K [0x00000006c0000000, 0x00000006c8780000, 0x000000076ab00000)
  object space 138752K, 28% used [0x00000006c0000000,0x00000006c26f3a30,0x00000006c8780000)
 Metaspace       used 22678K, capacity 24095K, committed 24320K, reserved 1071104K
  class space    used 3217K, capacity 3472K, committed 3584K, reserved 1048576K
}
Event: 15.620 GC heap before
{Heap before GC invocations=997 (full 1):
 PSYoungGen      total 1397248K, used 1396896K [0x000000076ab00000, 0x00000007c0000000, 0x00000007c0000000)
  eden space 1396736K, 100% used [0x000000076ab00000,0x00000007bff00000,0x00000007bff00000)
  from space 512K, 31% used [0x00000007bff00000,0x00000007bff28000,0x00000007bff80000)
  to   space 512K, 0% used [0x00000007bff80000,0x00000007bff80000,0x00000007c0000000)
 ParOldGen       total 138752K, used 39886K [0x00000006c0000000, 0x00000006c8780000, 0x000000076ab00000)
  object space 138752K, 28% used [0x00000006c0000000,0x00000006c26f3a30,0x00000006c8780000)
 Metaspace       used 22678K, capacity 24095K, committed 24320K, reserved 1071104K
  class space    used 3217K, capacity 3472K, committed 3584K, reserved 1048576K
Event: 15.621 GC heap after
Heap after GC invocations=997 (full 1):
 PSYoungGen      total 1397248K, used 128K [0x000000076ab00000, 0x00000007c0000000, 0x00000007c0000000)
  eden space 1396736K, 0% used [0x000000076ab00000,0x000000076ab00000,0x00000007bff00000)
  from space 512K, 25% used [0x00000007bff80000,0x00000007bffa0000,0x00000007c0000000)
  to   space 512K, 0% used [0x00000007bff00000,0x00000007bff00000,0x00000007bff80000)
 ParOldGen       total 138752K, used 39926K [0x00000006c0000000, 0x00000006c8780000, 0x000000076ab00000)
  object space 138752K, 28% used [0x00000006c0000000,0x00000006c26fda30,0x00000006c8780000)
 Metaspace       used 22678K, capacity 24095K, committed 24320K, reserved 1071104K
  class space    used 3217K, capacity 3472K, committed 3584K, reserved 1048576K
}
Event: 15.699 GC heap before
{Heap before GC invocations=998 (full 1):
 PSYoungGen      total 1397248K, used 1396864K [0x000000076ab00000, 0x00000007c0000000, 0x00000007c0000000)
  eden space 1396736K, 100% used [0x000000076ab00000,0x00000007bff00000,0x00000007bff00000)
  from space 512K, 25% used [0x00000007bff80000,0x00000007bffa0000,0x00000007c0000000)
  to   space 512K, 0% used [0x00000007bff00000,0x00000007bff00000,0x00000007bff80000)
 ParOldGen       total 138752K, used 39926K [0x00000006c0000000, 0x00000006c8780000, 0x000000076ab00000)
  object space 138752K, 28% used [0x00000006c0000000,0x00000006c26fda30,0x00000006c8780000)
 Metaspace       used 22700K, capacity 24095K, committed 24320K, reserved 1071104K
  class space    used 3219K, capacity 3472K, committed 3584K, reserved 1048576K
Event: 15.700 GC heap after
Heap after GC invocations=998 (full 1):
 PSYoungGen      total 1397248K, used 288K [0x000000076ab00000, 0x00000007c0000000, 0x00000007c0000000)
  eden space 1396736K, 0% used [0x000000076ab00000,0x000000076ab00000,0x00000007bff00000)
  from space 512K, 56% used [0x00000007bff00000,0x00000007bff48000,0x00000007bff80000)
  to   space 512K, 0% used [0x00000007bff80000,0x00000007bff80000,0x00000007c0000000)
 ParOldGen       total 138752K, used 39950K [0x00000006c0000000, 0x00000006c8780000, 0x000000076ab00000)
  object space 138752K, 28% used [0x00000006c0000000,0x00000006c2703a30,0x00000006c8780000)
 Metaspace       used 22700K, capacity 24095K, committed 24320K, reserved 1071104K
  class space    used 3219K, capacity 3472K, committed 3584K, reserved 1048576K
}

