# JRE version: Java(TM) SE Runtime Environment (8.0_25-b17) (build 1.8.0_25-b17)
# Java VM: Java HotSpot(TM) 64-Bit Server VM (25.25-b02 mixed mode bsd-amd64 compressed oops)
Heap:
 PSYoungGen      total 659456K, used 294997K [0x000000076ab00000, 0x00000007bfe00000, 0x00000007c0000000)
  eden space 658432K, 44% used [0x000000076ab00000,0x000000077ca64bf0,0x0000000792e00000)
  from space 1024K, 68% used [0x00000007bfb80000,0x00000007bfc309a8,0x00000007bfc80000)
  to   space 1536K, 0% used [0x00000007bfc80000,0x00000007bfc80000,0x00000007bfe00000)
 ParOldGen       total 100352K, used 60166K [0x00000006c0000000, 0x00000006c6200000, 0x000000076ab00000)
  object space 100352K, 59% used [0x00000006c0000000,0x00000006c3ac19e8,0x00000006c6200000)
 Metaspace       used 24655K, capacity 26366K, committed 26496K, reserved 1073152K
  class space    used 3401K, capacity 3693K, committed 3712K, reserved 1048576K
GC Heap History (10 events):
Event: 248.862 GC heap before
{Heap before GC invocations=450 (full 1):
 PSYoungGen      total 828928K, used 828898K [0x000000076ab00000, 0x00000007c0000000, 0x00000007c0000000)
  eden space 828416K, 100% used [0x000000076ab00000,0x000000079d400000,0x000000079d400000)
  from space 512K, 94% used [0x00000007bff80000,0x00000007bfff89a8,0x00000007c0000000)
  to   space 1536K, 0% used [0x00000007bfd00000,0x00000007bfd00000,0x00000007bfe80000)
 ParOldGen       total 100352K, used 60150K [0x00000006c0000000, 0x00000006c6200000, 0x000000076ab00000)
  object space 100352K, 59% used [0x00000006c0000000,0x00000006c3abd9e8,0x00000006c6200000)
 Metaspace       used 24646K, capacity 26354K, committed 26496K, reserved 1073152K
  class space    used 3399K, capacity 3691K, committed 3712K, reserved 1048576K
Event: 248.864 GC heap after
Heap after GC invocations=450 (full 1):
 PSYoungGen      total 792576K, used 738K [0x000000076ab00000, 0x00000007c0000000, 0x00000007c0000000)
  eden space 791040K, 0% used [0x000000076ab00000,0x000000076ab00000,0x000000079af80000)
  from space 1536K, 48% used [0x00000007bfd00000,0x00000007bfdb89a8,0x00000007bfe80000)
  to   space 1536K, 0% used [0x00000007bfe80000,0x00000007bfe80000,0x00000007c0000000)
 ParOldGen       total 100352K, used 60166K [0x00000006c0000000, 0x00000006c6200000, 0x000000076ab00000)
  object space 100352K, 59% used [0x00000006c0000000,0x00000006c3ac19e8,0x00000006c6200000)
 Metaspace       used 24646K, capacity 26354K, committed 26496K, reserved 1073152K
  class space    used 3399K, capacity 3691K, committed 3712K, reserved 1048576K
}
Event: 265.028 GC heap before
{Heap before GC invocations=451 (full 1):
 PSYoungGen      total 792576K, used 791778K [0x000000076ab00000, 0x00000007c0000000, 0x00000007c0000000)
  eden space 791040K, 100% used [0x000000076ab00000,0x000000079af80000,0x000000079af80000)
  from space 1536K, 48% used [0x00000007bfd00000,0x00000007bfdb89a8,0x00000007bfe80000)
  to   space 1536K, 0% used [0x00000007bfe80000,0x00000007bfe80000,0x00000007c0000000)
 ParOldGen       total 100352K, used 60166K [0x00000006c0000000, 0x00000006c6200000, 0x000000076ab00000)
  object space 100352K, 59% used [0x00000006c0000000,0x00000006c3ac19e8,0x00000006c6200000)
 Metaspace       used 24647K, capacity 26354K, committed 26496K, reserved 1073152K
  class space    used 3399K, capacity 3691K, committed 3712K, reserved 1048576K
Event: 265.030 GC heap after
Heap after GC invocations=451 (full 1):
 PSYoungGen      total 756224K, used 706K [0x000000076ab00000, 0x00000007bff80000, 0x00000007c0000000)
  eden space 755200K, 0% used [0x000000076ab00000,0x000000076ab00000,0x0000000798c80000)
  from space 1024K, 68% used [0x00000007bfe80000,0x00000007bff309a8,0x00000007bff80000)
  to   space 1536K, 0% used [0x00000007bfc80000,0x00000007bfc80000,0x00000007bfe00000)
 ParOldGen       total 100352K, used 60166K [0x00000006c0000000, 0x00000006c6200000, 0x000000076ab00000)
  object space 100352K, 59% used [0x00000006c0000000,0x00000006c3ac19e8,0x00000006c6200000)
 Metaspace       used 24647K, capacity 26354K, committed 26496K, reserved 1073152K
  class space    used 3399K, capacity 3691K, committed 3712K, reserved 1048576K
}
Event: 279.106 GC heap before
{Heap before GC invocations=452 (full 1):
 PSYoungGen      total 756224K, used 755906K [0x000000076ab00000, 0x00000007bff80000, 0x00000007c0000000)
  eden space 755200K, 100% used [0x000000076ab00000,0x0000000798c80000,0x0000000798c80000)
  from space 1024K, 68% used [0x00000007bfe80000,0x00000007bff309a8,0x00000007bff80000)
  to   space 1536K, 0% used [0x00000007bfc80000,0x00000007bfc80000,0x00000007bfe00000)
 ParOldGen       total 100352K, used 60166K [0x00000006c0000000, 0x00000006c6200000, 0x000000076ab00000)
  object space 100352K, 59% used [0x00000006c0000000,0x00000006c3ac19e8,0x00000006c6200000)
 Metaspace       used 24647K, capacity 26354K, committed 26496K, reserved 1073152K
  class space    used 3399K, capacity 3691K, committed 3712K, reserved 1048576K
Event: 279.108 GC heap after
Heap after GC invocations=452 (full 1):
 PSYoungGen      total 722432K, used 674K [0x000000076ab00000, 0x00000007bff00000, 0x00000007c0000000)
  eden space 721408K, 0% used [0x000000076ab00000,0x000000076ab00000,0x0000000796b80000)
  from space 1024K, 65% used [0x00000007bfc80000,0x00000007bfd289a8,0x00000007bfd80000)
  to   space 1536K, 0% used [0x00000007bfd80000,0x00000007bfd80000,0x00000007bff00000)
 ParOldGen       total 100352K, used 60166K [0x00000006c0000000, 0x00000006c6200000, 0x000000076ab00000)
  object space 100352K, 59% used [0x00000006c0000000,0x00000006c3ac19e8,0x00000006c6200000)
 Metaspace       used 24647K, capacity 26354K, committed 26496K, reserved 1073152K
  class space    used 3399K, capacity 3691K, committed 3712K, reserved 1048576K
}
Event: 293.108 GC heap before
{Heap before GC invocations=453 (full 1):
 PSYoungGen      total 722432K, used 722082K [0x000000076ab00000, 0x00000007bff00000, 0x00000007c0000000)
  eden space 721408K, 100% used [0x000000076ab00000,0x0000000796b80000,0x0000000796b80000)
  from space 1024K, 65% used [0x00000007bfc80000,0x00000007bfd289a8,0x00000007bfd80000)
  to   space 1536K, 0% used [0x00000007bfd80000,0x00000007bfd80000,0x00000007bff00000)
 ParOldGen       total 100352K, used 60166K [0x00000006c0000000, 0x00000006c6200000, 0x000000076ab00000)
  object space 100352K, 59% used [0x00000006c0000000,0x00000006c3ac19e8,0x00000006c6200000)
 Metaspace       used 24647K, capacity 26354K, committed 26496K, reserved 1073152K
  class space    used 3399K, capacity 3691K, committed 3712K, reserved 1048576K
Event: 293.110 GC heap after
Heap after GC invocations=453 (full 1):
 PSYoungGen      total 690176K, used 706K [0x000000076ab00000, 0x00000007bfe80000, 0x00000007c0000000)
  eden space 689152K, 0% used [0x000000076ab00000,0x000000076ab00000,0x0000000794c00000)
  from space 1024K, 68% used [0x00000007bfd80000,0x00000007bfe309a8,0x00000007bfe80000)
  to   space 1536K, 0% used [0x00000007bfb80000,0x00000007bfb80000,0x00000007bfd00000)
 ParOldGen       total 100352K, used 60166K [0x00000006c0000000, 0x00000006c6200000, 0x000000076ab00000)
  object space 100352K, 59% used [0x00000006c0000000,0x00000006c3ac19e8,0x00000006c6200000)
 Metaspace       used 24647K, capacity 26354K, committed 26496K, reserved 1073152K
  class space    used 3399K, capacity 3691K, committed 3712K, reserved 1048576K
}
Event: 307.101 GC heap before
{Heap before GC invocations=454 (full 1):
 PSYoungGen      total 690176K, used 689858K [0x000000076ab00000, 0x00000007bfe80000, 0x00000007c0000000)
  eden space 689152K, 100% used [0x000000076ab00000,0x0000000794c00000,0x0000000794c00000)
  from space 1024K, 68% used [0x00000007bfd80000,0x00000007bfe309a8,0x00000007bfe80000)
  to   space 1536K, 0% used [0x00000007bfb80000,0x00000007bfb80000,0x00000007bfd00000)
 ParOldGen       total 100352K, used 60166K [0x00000006c0000000, 0x00000006c6200000, 0x000000076ab00000)
  object space 100352K, 59% used [0x00000006c0000000,0x00000006c3ac19e8,0x00000006c6200000)
 Metaspace       used 24647K, capacity 26354K, committed 26496K, reserved 1073152K
  class space    used 3399K, capacity 3691K, committed 3712K, reserved 1048576K
Event: 307.104 GC heap after
Heap after GC invocations=454 (full 1):
 PSYoungGen      total 659456K, used 706K [0x000000076ab00000, 0x00000007bfe00000, 0x00000007c0000000)
  eden space 658432K, 0% used [0x000000076ab00000,0x000000076ab00000,0x0000000792e00000)
  from space 1024K, 68% used [0x00000007bfb80000,0x00000007bfc309a8,0x00000007bfc80000)
  to   space 1536K, 0% used [0x00000007bfc80000,0x00000007bfc80000,0x00000007bfe00000)
 ParOldGen       total 100352K, used 60166K [0x00000006c0000000, 0x00000006c6200000, 0x000000076ab00000)
  object space 100352K, 59% used [0x00000006c0000000,0x00000006c3ac19e8,0x00000006c6200000)
 Metaspace       used 24647K, capacity 26354K, committed 26496K, reserved 1073152K
  class space    used 3399K, capacity 3691K, committed 3712K, reserved 1048576K
}

