# JRE version: Java(TM) SE Runtime Environment (8.0_25-b17) (build 1.8.0_25-b17)
# Java VM: Java HotSpot(TM) 64-Bit Server VM (25.25-b02 mixed mode bsd-amd64 compressed oops)
Heap:
 PSYoungGen      total 1397248K, used 42062K [0x000000076ab00000, 0x00000007c0000000, 0x00000007c0000000)
  eden space 1396736K, 3% used [0x000000076ab00000,0x000000076d3ebb48,0x00000007bff00000)
  from space 512K, 31% used [0x00000007bff80000,0x00000007bffa8000,0x00000007c0000000)
  to   space 512K, 0% used [0x00000007bff00000,0x00000007bff00000,0x00000007bff80000)
 ParOldGen       total 140800K, used 31643K [0x00000006c0000000, 0x00000006c8980000, 0x000000076ab00000)
  object space 140800K, 22% used [0x00000006c0000000,0x00000006c1ee6cc8,0x00000006c8980000)
 Metaspace       used 22363K, capacity 23767K, committed 24064K, reserved 1069056K
  class space    used 3216K, capacity 3476K, committed 3584K, reserved 1048576K
GC Heap History (10 events):
Event: 7.386 GC heap before
{Heap before GC invocations=252 (full 1):
 PSYoungGen      total 1397248K, used 1396832K [0x000000076ab00000, 0x00000007c0000000, 0x00000007c0000000)
  eden space 1396736K, 100% used [0x000000076ab00000,0x00000007bff00000,0x00000007bff00000)
  from space 512K, 18% used [0x00000007bff80000,0x00000007bff98000,0x00000007c0000000)
  to   space 512K, 0% used [0x00000007bff00000,0x00000007bff00000,0x00000007bff80000)
 ParOldGen       total 140800K, used 31475K [0x00000006c0000000, 0x00000006c8980000, 0x000000076ab00000)
  object space 140800K, 22% used [0x00000006c0000000,0x00000006c1ebccc8,0x00000006c8980000)
 Metaspace       used 22362K, capacity 23767K, committed 24064K, reserved 1069056K
  class space    used 3216K, capacity 3476K, committed 3584K, reserved 1048576K
Event: 7.387 GC heap after
Heap after GC invocations=252 (full 1):
 PSYoungGen      total 1397248K, used 128K [0x000000076ab00000, 0x00000007c0000000, 0x00000007c0000000)
  eden space 1396736K, 0% used [0x000000076ab00000,0x000000076ab00000,0x00000007bff00000)
  from space 512K, 25% used [0x00000007bff00000,0x00000007bff20000,0x00000007bff80000)
  to   space 512K, 0% used [0x00000007bff80000,0x00000007bff80000,0x00000007c0000000)
 ParOldGen       total 140800K, used 31515K [0x00000006c0000000, 0x00000006c8980000, 0x000000076ab00000)
  object space 140800K, 22% used [0x00000006c0000000,0x00000006c1ec6cc8,0x00000006c8980000)
 Metaspace       used 22362K, capacity 23767K, committed 24064K, reserved 1069056K
  class space    used 3216K, capacity 3476K, committed 3584K, reserved 1048576K
}
Event: 7.411 GC heap before
{Heap before GC invocations=253 (full 1):
 PSYoungGen      total 1397248K, used 1396864K [0x000000076ab00000, 0x00000007c0000000, 0x00000007c0000000)
  eden space 1396736K, 100% used [0x000000076ab00000,0x00000007bff00000,0x00000007bff00000)
  from space 512K, 25% used [0x00000007bff00000,0x00000007bff20000,0x00000007bff80000)
  to   space 512K, 0% used [0x00000007bff80000,0x00000007bff80000,0x00000007c0000000)
 ParOldGen       total 140800K, used 31515K [0x00000006c0000000, 0x00000006c8980000, 0x000000076ab00000)
  object space 140800K, 22% used [0x00000006c0000000,0x00000006c1ec6cc8,0x00000006c8980000)
 Metaspace       used 22362K, capacity 23767K, committed 24064K, reserved 1069056K
  class space    used 3216K, capacity 3476K, committed 3584K, reserved 1048576K
Event: 7.411 GC heap after
Heap after GC invocations=253 (full 1):
 PSYoungGen      total 1397248K, used 128K [0x000000076ab00000, 0x00000007c0000000, 0x00000007c0000000)
  eden space 1396736K, 0% used [0x000000076ab00000,0x000000076ab00000,0x00000007bff00000)
  from space 512K, 25% used [0x00000007bff80000,0x00000007bffa0000,0x00000007c0000000)
  to   space 512K, 0% used [0x00000007bff00000,0x00000007bff00000,0x00000007bff80000)
 ParOldGen       total 140800K, used 31539K [0x00000006c0000000, 0x00000006c8980000, 0x000000076ab00000)
  object space 140800K, 22% used [0x00000006c0000000,0x00000006c1ecccc8,0x00000006c8980000)
 Metaspace       used 22362K, capacity 23767K, committed 24064K, reserved 1069056K
  class space    used 3216K, capacity 3476K, committed 3584K, reserved 1048576K
}
Event: 7.436 GC heap before
{Heap before GC invocations=254 (full 1):
 PSYoungGen      total 1397248K, used 1396864K [0x000000076ab00000, 0x00000007c0000000, 0x00000007c0000000)
  eden space 1396736K, 100% used [0x000000076ab00000,0x00000007bff00000,0x00000007bff00000)
  from space 512K, 25% used [0x00000007bff80000,0x00000007bffa0000,0x00000007c0000000)
  to   space 512K, 0% used [0x00000007bff00000,0x00000007bff00000,0x00000007bff80000)
 ParOldGen       total 140800K, used 31539K [0x00000006c0000000, 0x00000006c8980000, 0x000000076ab00000)
  object space 140800K, 22% used [0x00000006c0000000,0x00000006c1ecccc8,0x00000006c8980000)
 Metaspace       used 22362K, capacity 23767K, committed 24064K, reserved 1069056K
  class space    used 3216K, capacity 3476K, committed 3584K, reserved 1048576K
Event: 7.437 GC heap after
Heap after GC invocations=254 (full 1):
 PSYoungGen      total 1397248K, used 96K [0x000000076ab00000, 0x00000007c0000000, 0x00000007c0000000)
  eden space 1396736K, 0% used [0x000000076ab00000,0x000000076ab00000,0x00000007bff00000)
  from space 512K, 18% used [0x00000007bff00000,0x00000007bff18000,0x00000007bff80000)
  to   space 512K, 0% used [0x00000007bff80000,0x00000007bff80000,0x00000007c0000000)
 ParOldGen       total 140800K, used 31555K [0x00000006c0000000, 0x00000006c8980000, 0x000000076ab00000)
  object space 140800K, 22% used [0x00000006c0000000,0x00000006c1ed0cc8,0x00000006c8980000)
 Metaspace       used 22362K, capacity 23767K, committed 24064K, reserved 1069056K
  class space    used 3216K, capacity 3476K, committed 3584K, reserved 1048576K
}
Event: 7.450 GC heap before
{Heap before GC invocations=255 (full 1):
 PSYoungGen      total 1397248K, used 1396832K [0x000000076ab00000, 0x00000007c0000000, 0x00000007c0000000)
  eden space 1396736K, 100% used [0x000000076ab00000,0x00000007bff00000,0x00000007bff00000)
  from space 512K, 18% used [0x00000007bff00000,0x00000007bff18000,0x00000007bff80000)
  to   space 512K, 0% used [0x00000007bff80000,0x00000007bff80000,0x00000007c0000000)
 ParOldGen       total 140800K, used 31555K [0x00000006c0000000, 0x00000006c8980000, 0x000000076ab00000)
  object space 140800K, 22% used [0x00000006c0000000,0x00000006c1ed0cc8,0x00000006c8980000)
 Metaspace       used 22362K, capacity 23767K, committed 24064K, reserved 1069056K
  class space    used 3216K, capacity 3476K, committed 3584K, reserved 1048576K
Event: 7.451 GC heap after
Heap after GC invocations=255 (full 1):
 PSYoungGen      total 1397248K, used 128K [0x000000076ab00000, 0x00000007c0000000, 0x00000007c0000000)
  eden space 1396736K, 0% used [0x000000076ab00000,0x000000076ab00000,0x00000007bff00000)
  from space 512K, 25% used [0x00000007bff80000,0x00000007bffa0000,0x00000007c0000000)
  to   space 512K, 0% used [0x00000007bff00000,0x00000007bff00000,0x00000007bff80000)
 ParOldGen       total 140800K, used 31579K [0x00000006c0000000, 0x00000006c8980000, 0x000000076ab00000)
  object space 140800K, 22% used [0x00000006c0000000,0x00000006c1ed6cc8,0x00000006c8980000)
 Metaspace       used 22362K, capacity 23767K, committed 24064K, reserved 1069056K
  class space    used 3216K, capacity 3476K, committed 3584K, reserved 1048576K
}
Event: 7.472 GC heap before
{Heap before GC invocations=256 (full 1):
 PSYoungGen      total 1397248K, used 1396864K [0x000000076ab00000, 0x00000007c0000000, 0x00000007c0000000)
  eden space 1396736K, 100% used [0x000000076ab00000,0x00000007bff00000,0x00000007bff00000)
  from space 512K, 25% used [0x00000007bff80000,0x00000007bffa0000,0x00000007c0000000)
  to   space 512K, 0% used [0x00000007bff00000,0x00000007bff00000,0x00000007bff80000)
 ParOldGen       total 140800K, used 31579K [0x00000006c0000000, 0x00000006c8980000, 0x000000076ab00000)
  object space 140800K, 22% used [0x00000006c0000000,0x00000006c1ed6cc8,0x00000006c8980000)
 Metaspace       used 22362K, capacity 23767K, committed 24064K, reserved 1069056K
  class space    used 3216K, capacity 3476K, committed 3584K, reserved 1048576K
Event: 7.472 GC heap after
Heap after GC invocations=256 (full 1):
 PSYoungGen      total 1397248K, used 32K [0x000000076ab00000, 0x00000007c0000000, 0x00000007c0000000)
  eden space 1396736K, 0% used [0x000000076ab00000,0x000000076ab00000,0x00000007bff00000)
  from space 512K, 6% used [0x00000007bff00000,0x00000007bff08000,0x00000007bff80000)
  to   space 512K, 0% used [0x00000007bff80000,0x00000007bff80000,0x00000007c0000000)
 ParOldGen       total 140800K, used 31619K [0x00000006c0000000, 0x00000006c8980000, 0x000000076ab00000)
  object space 140800K, 22% used [0x00000006c0000000,0x00000006c1ee0cc8,0x00000006c8980000)
 Metaspace       used 22362K, capacity 23767K, committed 24064K, reserved 1069056K
  class space    used 3216K, capacity 3476K, committed 3584K, reserved 1048576K
}

