# JRE version: Java(TM) SE Runtime Environment (8.0_25-b17) (build 1.8.0_25-b17)
# Java VM: Java HotSpot(TM) 64-Bit Server VM (25.25-b02 mixed mode bsd-amd64 compressed oops)
Heap:
 PSYoungGen      total 1397248K, used 1124188K [0x000000076ab00000, 0x00000007c0000000, 0x00000007c0000000)
  eden space 1396736K, 80% used [0x000000076ab00000,0x00000007af457318,0x00000007bff00000)
  from space 512K, 100% used [0x00000007bff00000,0x00000007bff80000,0x00000007bff80000)
  to   space 512K, 0% used [0x00000007bff80000,0x00000007bff80000,0x00000007c0000000)
 ParOldGen       total 138240K, used 42658K [0x00000006c0000000, 0x00000006c8700000, 0x000000076ab00000)
  object space 138240K, 30% used [0x00000006c0000000,0x00000006c29a8b98,0x00000006c8700000)
 Metaspace       used 23654K, capacity 25179K, committed 25472K, reserved 1071104K
  class space    used 3304K, capacity 3602K, committed 3712K, reserved 1048576K
GC Heap History (10 events):
Event: 33.239 GC heap before
{Heap before GC invocations=1190 (full 1):
 PSYoungGen      total 1397248K, used 1396736K [0x000000076ab00000, 0x00000007c0000000, 0x00000007c0000000)
  eden space 1396736K, 100% used [0x000000076ab00000,0x00000007bff00000,0x00000007bff00000)
  from space 512K, 0% used [0x00000007bff80000,0x00000007bff80000,0x00000007c0000000)
  to   space 512K, 0% used [0x00000007bff00000,0x00000007bff00000,0x00000007bff80000)
 ParOldGen       total 138240K, used 42626K [0x00000006c0000000, 0x00000006c8700000, 0x000000076ab00000)
  object space 138240K, 30% used [0x00000006c0000000,0x00000006c29a0b98,0x00000006c8700000)
 Metaspace       used 23580K, capacity 25111K, committed 25472K, reserved 1071104K
  class space    used 3304K, capacity 3602K, committed 3712K, reserved 1048576K
Event: 33.240 GC heap after
Heap after GC invocations=1190 (full 1):
 PSYoungGen      total 1397248K, used 0K [0x000000076ab00000, 0x00000007c0000000, 0x00000007c0000000)
  eden space 1396736K, 0% used [0x000000076ab00000,0x000000076ab00000,0x00000007bff00000)
  from space 512K, 0% used [0x00000007bff00000,0x00000007bff00000,0x00000007bff80000)
  to   space 512K, 0% used [0x00000007bff80000,0x00000007bff80000,0x00000007c0000000)
 ParOldGen       total 138240K, used 42626K [0x00000006c0000000, 0x00000006c8700000, 0x000000076ab00000)
  object space 138240K, 30% used [0x00000006c0000000,0x00000006c29a0b98,0x00000006c8700000)
 Metaspace       used 23580K, capacity 25111K, committed 25472K, reserved 1071104K
  class space    used 3304K, capacity 3602K, committed 3712K, reserved 1048576K
}
Event: 33.245 GC heap before
{Heap before GC invocations=1191 (full 1):
 PSYoungGen      total 1397248K, used 1396736K [0x000000076ab00000, 0x00000007c0000000, 0x00000007c0000000)
  eden space 1396736K, 100% used [0x000000076ab00000,0x00000007bff00000,0x00000007bff00000)
  from space 512K, 0% used [0x00000007bff00000,0x00000007bff00000,0x00000007bff80000)
  to   space 512K, 0% used [0x00000007bff80000,0x00000007bff80000,0x00000007c0000000)
 ParOldGen       total 138240K, used 42626K [0x00000006c0000000, 0x00000006c8700000, 0x000000076ab00000)
  object space 138240K, 30% used [0x00000006c0000000,0x00000006c29a0b98,0x00000006c8700000)
 Metaspace       used 23580K, capacity 25111K, committed 25472K, reserved 1071104K
  class space    used 3304K, capacity 3602K, committed 3712K, reserved 1048576K
Event: 33.246 GC heap after
Heap after GC invocations=1191 (full 1):
 PSYoungGen      total 1397248K, used 0K [0x000000076ab00000, 0x00000007c0000000, 0x00000007c0000000)
  eden space 1396736K, 0% used [0x000000076ab00000,0x000000076ab00000,0x00000007bff00000)
  from space 512K, 0% used [0x00000007bff80000,0x00000007bff80000,0x00000007c0000000)
  to   space 512K, 0% used [0x00000007bff00000,0x00000007bff00000,0x00000007bff80000)
 ParOldGen       total 138240K, used 42626K [0x00000006c0000000, 0x00000006c8700000, 0x000000076ab00000)
  object space 138240K, 30% used [0x00000006c0000000,0x00000006c29a0b98,0x00000006c8700000)
 Metaspace       used 23580K, capacity 25111K, committed 25472K, reserved 1071104K
  class space    used 3304K, capacity 3602K, committed 3712K, reserved 1048576K
}
Event: 33.251 GC heap before
{Heap before GC invocations=1192 (full 1):
 PSYoungGen      total 1397248K, used 1396736K [0x000000076ab00000, 0x00000007c0000000, 0x00000007c0000000)
  eden space 1396736K, 100% used [0x000000076ab00000,0x00000007bff00000,0x00000007bff00000)
  from space 512K, 0% used [0x00000007bff80000,0x00000007bff80000,0x00000007c0000000)
  to   space 512K, 0% used [0x00000007bff00000,0x00000007bff00000,0x00000007bff80000)
 ParOldGen       total 138240K, used 42626K [0x00000006c0000000, 0x00000006c8700000, 0x000000076ab00000)
  object space 138240K, 30% used [0x00000006c0000000,0x00000006c29a0b98,0x00000006c8700000)
 Metaspace       used 23580K, capacity 25111K, committed 25472K, reserved 1071104K
  class space    used 3304K, capacity 3602K, committed 3712K, reserved 1048576K
Event: 33.252 GC heap after
Heap after GC invocations=1192 (full 1):
 PSYoungGen      total 1397248K, used 0K [0x000000076ab00000, 0x00000007c0000000, 0x00000007c0000000)
  eden space 1396736K, 0% used [0x000000076ab00000,0x000000076ab00000,0x00000007bff00000)
  from space 512K, 0% used [0x00000007bff00000,0x00000007bff00000,0x00000007bff80000)
  to   space 512K, 0% used [0x00000007bff80000,0x00000007bff80000,0x00000007c0000000)
 ParOldGen       total 138240K, used 42626K [0x00000006c0000000, 0x00000006c8700000, 0x000000076ab00000)
  object space 138240K, 30% used [0x00000006c0000000,0x00000006c29a0b98,0x00000006c8700000)
 Metaspace       used 23580K, capacity 25111K, committed 25472K, reserved 1071104K
  class space    used 3304K, capacity 3602K, committed 3712K, reserved 1048576K
}
Event: 33.257 GC heap before
{Heap before GC invocations=1193 (full 1):
 PSYoungGen      total 1397248K, used 1396736K [0x000000076ab00000, 0x00000007c0000000, 0x00000007c0000000)
  eden space 1396736K, 100% used [0x000000076ab00000,0x00000007bff00000,0x00000007bff00000)
  from space 512K, 0% used [0x00000007bff00000,0x00000007bff00000,0x00000007bff80000)
  to   space 512K, 0% used [0x00000007bff80000,0x00000007bff80000,0x00000007c0000000)
 ParOldGen       total 138240K, used 42626K [0x00000006c0000000, 0x00000006c8700000, 0x000000076ab00000)
  object space 138240K, 30% used [0x00000006c0000000,0x00000006c29a0b98,0x00000006c8700000)
 Metaspace       used 23580K, capacity 25111K, committed 25472K, reserved 1071104K
  class space    used 3304K, capacity 3602K, committed 3712K, reserved 1048576K
Event: 33.257 GC heap after
Heap after GC invocations=1193 (full 1):
 PSYoungGen      total 1397248K, used 0K [0x000000076ab00000, 0x00000007c0000000, 0x00000007c0000000)
  eden space 1396736K, 0% used [0x000000076ab00000,0x000000076ab00000,0x00000007bff00000)
  from space 512K, 0% used [0x00000007bff80000,0x00000007bff80000,0x00000007c0000000)
  to   space 512K, 0% used [0x00000007bff00000,0x00000007bff00000,0x00000007bff80000)
 ParOldGen       total 138240K, used 42626K [0x00000006c0000000, 0x00000006c8700000, 0x000000076ab00000)
  object space 138240K, 30% used [0x00000006c0000000,0x00000006c29a0b98,0x00000006c8700000)
 Metaspace       used 23580K, capacity 25111K, committed 25472K, reserved 1071104K
  class space    used 3304K, capacity 3602K, committed 3712K, reserved 1048576K
}
Event: 37.660 GC heap before
{Heap before GC invocations=1194 (full 1):
 PSYoungGen      total 1397248K, used 1396736K [0x000000076ab00000, 0x00000007c0000000, 0x00000007c0000000)
  eden space 1396736K, 100% used [0x000000076ab00000,0x00000007bff00000,0x00000007bff00000)
  from space 512K, 0% used [0x00000007bff80000,0x00000007bff80000,0x00000007c0000000)
  to   space 512K, 0% used [0x00000007bff00000,0x00000007bff00000,0x00000007bff80000)
 ParOldGen       total 138240K, used 42626K [0x00000006c0000000, 0x00000006c8700000, 0x000000076ab00000)
  object space 138240K, 30% used [0x00000006c0000000,0x00000006c29a0b98,0x00000006c8700000)
 Metaspace       used 23649K, capacity 25179K, committed 25472K, reserved 1071104K
  class space    used 3304K, capacity 3602K, committed 3712K, reserved 1048576K
Event: 37.662 GC heap after
Heap after GC invocations=1194 (full 1):
 PSYoungGen      total 1397248K, used 512K [0x000000076ab00000, 0x00000007c0000000, 0x00000007c0000000)
  eden space 1396736K, 0% used [0x000000076ab00000,0x000000076ab00000,0x00000007bff00000)
  from space 512K, 100% used [0x00000007bff00000,0x00000007bff80000,0x00000007bff80000)
  to   space 512K, 0% used [0x00000007bff80000,0x00000007bff80000,0x00000007c0000000)
 ParOldGen       total 138240K, used 42658K [0x00000006c0000000, 0x00000006c8700000, 0x000000076ab00000)
  object space 138240K, 30% used [0x00000006c0000000,0x00000006c29a8b98,0x00000006c8700000)
 Metaspace       used 23649K, capacity 25179K, committed 25472K, reserved 1071104K
  class space    used 3304K, capacity 3602K, committed 3712K, reserved 1048576K
}

