# JRE version: Java(TM) SE Runtime Environment (8.0_25-b17) (build 1.8.0_25-b17)
# Java VM: Java HotSpot(TM) 64-Bit Server VM (25.25-b02 mixed mode bsd-amd64 compressed oops)
Heap:
 PSYoungGen      total 1331200K, used 461787K [0x000000076ab00000, 0x00000007c0000000, 0x00000007c0000000)
  eden space 1330688K, 34% used [0x000000076ab00000,0x0000000786d76e20,0x00000007bbe80000)
  from space 512K, 100% used [0x00000007bff80000,0x00000007c0000000,0x00000007c0000000)
  to   space 7168K, 0% used [0x00000007bf200000,0x00000007bf200000,0x00000007bf900000)
 ParOldGen       total 129024K, used 64505K [0x00000006c0000000, 0x00000006c7e00000, 0x000000076ab00000)
  object space 129024K, 49% used [0x00000006c0000000,0x00000006c3efe758,0x00000006c7e00000)
 Metaspace       used 23900K, capacity 25426K, committed 25600K, reserved 1071104K
  class space    used 3275K, capacity 3533K, committed 3584K, reserved 1048576K
GC Heap History (10 events):
Event: 37.616 GC heap before
{Heap before GC invocations=327 (full 1):
 PSYoungGen      total 1397248K, used 1396896K [0x000000076ab00000, 0x00000007c0000000, 0x00000007c0000000)
  eden space 1396736K, 100% used [0x000000076ab00000,0x00000007bff00000,0x00000007bff00000)
  from space 512K, 31% used [0x00000007bff00000,0x00000007bff28000,0x00000007bff80000)
  to   space 512K, 0% used [0x00000007bff80000,0x00000007bff80000,0x00000007c0000000)
 ParOldGen       total 129024K, used 44215K [0x00000006c0000000, 0x00000006c7e00000, 0x000000076ab00000)
  object space 129024K, 34% used [0x00000006c0000000,0x00000006c2b2de10,0x00000006c7e00000)
 Metaspace       used 23586K, capacity 25030K, committed 25344K, reserved 1071104K
  class space    used 3256K, capacity 3497K, committed 3584K, reserved 1048576K
Event: 37.617 GC heap after
Heap after GC invocations=327 (full 1):
 PSYoungGen      total 1397248K, used 192K [0x000000076ab00000, 0x00000007c0000000, 0x00000007c0000000)
  eden space 1396736K, 0% used [0x000000076ab00000,0x000000076ab00000,0x00000007bff00000)
  from space 512K, 37% used [0x00000007bff80000,0x00000007bffb0000,0x00000007c0000000)
  to   space 512K, 0% used [0x00000007bff00000,0x00000007bff00000,0x00000007bff80000)
 ParOldGen       total 129024K, used 44239K [0x00000006c0000000, 0x00000006c7e00000, 0x000000076ab00000)
  object space 129024K, 34% used [0x00000006c0000000,0x00000006c2b33e10,0x00000006c7e00000)
 Metaspace       used 23586K, capacity 25030K, committed 25344K, reserved 1071104K
  class space    used 3256K, capacity 3497K, committed 3584K, reserved 1048576K
}
Event: 37.672 GC heap before
{Heap before GC invocations=328 (full 1):
 PSYoungGen      total 1397248K, used 1396928K [0x000000076ab00000, 0x00000007c0000000, 0x00000007c0000000)
  eden space 1396736K, 100% used [0x000000076ab00000,0x00000007bff00000,0x00000007bff00000)
  from space 512K, 37% used [0x00000007bff80000,0x00000007bffb0000,0x00000007c0000000)
  to   space 512K, 0% used [0x00000007bff00000,0x00000007bff00000,0x00000007bff80000)
 ParOldGen       total 129024K, used 44239K [0x00000006c0000000, 0x00000006c7e00000, 0x000000076ab00000)
  object space 129024K, 34% used [0x00000006c0000000,0x00000006c2b33e10,0x00000006c7e00000)
 Metaspace       used 23586K, capacity 25030K, committed 25344K, reserved 1071104K
  class space    used 3256K, capacity 3497K, committed 3584K, reserved 1048576K
Event: 37.673 GC heap after
Heap after GC invocations=328 (full 1):
 PSYoungGen      total 1397248K, used 160K [0x000000076ab00000, 0x00000007c0000000, 0x00000007c0000000)
  eden space 1396736K, 0% used [0x000000076ab00000,0x000000076ab00000,0x00000007bff00000)
  from space 512K, 31% used [0x00000007bff00000,0x00000007bff28000,0x00000007bff80000)
  to   space 512K, 0% used [0x00000007bff80000,0x00000007bff80000,0x00000007c0000000)
 ParOldGen       total 129024K, used 44287K [0x00000006c0000000, 0x00000006c7e00000, 0x000000076ab00000)
  object space 129024K, 34% used [0x00000006c0000000,0x00000006c2b3fe10,0x00000006c7e00000)
 Metaspace       used 23586K, capacity 25030K, committed 25344K, reserved 1071104K
  class space    used 3256K, capacity 3497K, committed 3584K, reserved 1048576K
}
Event: 41.191 GC heap before
{Heap before GC invocations=329 (full 1):
 PSYoungGen      total 1397248K, used 1396896K [0x000000076ab00000, 0x00000007c0000000, 0x00000007c0000000)
  eden space 1396736K, 100% used [0x000000076ab00000,0x00000007bff00000,0x00000007bff00000)
  from space 512K, 31% used [0x00000007bff00000,0x00000007bff28000,0x00000007bff80000)
  to   space 512K, 0% used [0x00000007bff80000,0x00000007bff80000,0x00000007c0000000)
 ParOldGen       total 129024K, used 44287K [0x00000006c0000000, 0x00000006c7e00000, 0x000000076ab00000)
  object space 129024K, 34% used [0x00000006c0000000,0x00000006c2b3fe10,0x00000006c7e00000)
 Metaspace       used 23601K, capacity 25030K, committed 25344K, reserved 1071104K
  class space    used 3256K, capacity 3497K, committed 3584K, reserved 1048576K
Event: 41.192 GC heap after
Heap after GC invocations=329 (full 1):
 PSYoungGen      total 1397248K, used 256K [0x000000076ab00000, 0x00000007c0000000, 0x00000007c0000000)
  eden space 1396736K, 0% used [0x000000076ab00000,0x000000076ab00000,0x00000007bff00000)
  from space 512K, 50% used [0x00000007bff80000,0x00000007bffc0000,0x00000007c0000000)
  to   space 512K, 0% used [0x00000007bff00000,0x00000007bff00000,0x00000007bff80000)
 ParOldGen       total 129024K, used 44311K [0x00000006c0000000, 0x00000006c7e00000, 0x000000076ab00000)
  object space 129024K, 34% used [0x00000006c0000000,0x00000006c2b45e10,0x00000006c7e00000)
 Metaspace       used 23601K, capacity 25030K, committed 25344K, reserved 1071104K
  class space    used 3256K, capacity 3497K, committed 3584K, reserved 1048576K
}
Event: 172.460 GC heap before
{Heap before GC invocations=330 (full 1):
 PSYoungGen      total 1397248K, used 1396992K [0x000000076ab00000, 0x00000007c0000000, 0x00000007c0000000)
  eden space 1396736K, 100% used [0x000000076ab00000,0x00000007bff00000,0x00000007bff00000)
  from space 512K, 50% used [0x00000007bff80000,0x00000007bffc0000,0x00000007c0000000)
  to   space 512K, 0% used [0x00000007bff00000,0x00000007bff00000,0x00000007bff80000)
 ParOldGen       total 129024K, used 44311K [0x00000006c0000000, 0x00000006c7e00000, 0x000000076ab00000)
  object space 129024K, 34% used [0x00000006c0000000,0x00000006c2b45e10,0x00000006c7e00000)
 Metaspace       used 23711K, capacity 25208K, committed 25344K, reserved 1071104K
  class space    used 3261K, capacity 3530K, committed 3584K, reserved 1048576K
Event: 172.470 GC heap after
Heap after GC invocations=330 (full 1):
 PSYoungGen      total 1397248K, used 512K [0x000000076ab00000, 0x00000007c0000000, 0x00000007c0000000)
  eden space 1396736K, 0% used [0x000000076ab00000,0x000000076ab00000,0x00000007bff00000)
  from space 512K, 100% used [0x00000007bff00000,0x00000007bff80000,0x00000007bff80000)
  to   space 512K, 0% used [0x00000007bff80000,0x00000007bff80000,0x00000007c0000000)
 ParOldGen       total 129024K, used 61894K [0x00000006c0000000, 0x00000006c7e00000, 0x000000076ab00000)
  object space 129024K, 47% used [0x00000006c0000000,0x00000006c3c718d8,0x00000006c7e00000)
 Metaspace       used 23711K, capacity 25208K, committed 25344K, reserved 1071104K
  class space    used 3261K, capacity 3530K, committed 3584K, reserved 1048576K
}
Event: 241.763 GC heap before
{Heap before GC invocations=331 (full 1):
 PSYoungGen      total 1397248K, used 1397248K [0x000000076ab00000, 0x00000007c0000000, 0x00000007c0000000)
  eden space 1396736K, 100% used [0x000000076ab00000,0x00000007bff00000,0x00000007bff00000)
  from space 512K, 100% used [0x00000007bff00000,0x00000007bff80000,0x00000007bff80000)
  to   space 512K, 0% used [0x00000007bff80000,0x00000007bff80000,0x00000007c0000000)
 ParOldGen       total 129024K, used 61894K [0x00000006c0000000, 0x00000006c7e00000, 0x000000076ab00000)
  object space 129024K, 47% used [0x00000006c0000000,0x00000006c3c718d8,0x00000006c7e00000)
 Metaspace       used 23877K, capacity 25426K, committed 25600K, reserved 1071104K
  class space    used 3275K, capacity 3533K, committed 3584K, reserved 1048576K
Event: 241.767 GC heap after
Heap after GC invocations=331 (full 1):
 PSYoungGen      total 1331200K, used 512K [0x000000076ab00000, 0x00000007c0000000, 0x00000007c0000000)
  eden space 1330688K, 0% used [0x000000076ab00000,0x000000076ab00000,0x00000007bbe80000)
  from space 512K, 100% used [0x00000007bff80000,0x00000007c0000000,0x00000007c0000000)
  to   space 7168K, 0% used [0x00000007bf200000,0x00000007bf200000,0x00000007bf900000)
 ParOldGen       total 129024K, used 64505K [0x00000006c0000000, 0x00000006c7e00000, 0x000000076ab00000)
  object space 129024K, 49% used [0x00000006c0000000,0x00000006c3efe758,0x00000006c7e00000)
 Metaspace       used 23877K, capacity 25426K, committed 25600K, reserved 1071104K
  class space    used 3275K, capacity 3533K, committed 3584K, reserved 1048576K
}

