# JRE version: Java(TM) SE Runtime Environment (8.0_25-b17) (build 1.8.0_25-b17)
# Java VM: Java HotSpot(TM) 64-Bit Server VM (25.25-b02 mixed mode bsd-amd64 compressed oops)
Heap:
 PSYoungGen      total 141824K, used 107592K [0x000000076ab00000, 0x0000000782a00000, 0x00000007c0000000)
  eden space 131072K, 73% used [0x000000076ab00000,0x00000007709929f8,0x0000000772b00000)
  from space 10752K, 99% used [0x0000000772b00000,0x000000077357f738,0x0000000773580000)
  to   space 65024K, 0% used [0x000000077ea80000,0x000000077ea80000,0x0000000782a00000)
 ParOldGen       total 175104K, used 92178K [0x00000006c0000000, 0x00000006cab00000, 0x000000076ab00000)
  object space 175104K, 52% used [0x00000006c0000000,0x00000006c5a04bc8,0x00000006cab00000)
 Metaspace       used 12211K, capacity 12672K, committed 12928K, reserved 1060864K
  class space    used 1472K, capacity 1590K, committed 1664K, reserved 1048576K
GC Heap History (10 events):
Event: 2.712 GC heap before
{Heap before GC invocations=1 (full 0):
 PSYoungGen      total 76288K, used 65536K [0x000000076ab00000, 0x0000000770000000, 0x00000007c0000000)
  eden space 65536K, 100% used [0x000000076ab00000,0x000000076eb00000,0x000000076eb00000)
  from space 10752K, 0% used [0x000000076f580000,0x000000076f580000,0x0000000770000000)
  to   space 10752K, 0% used [0x000000076eb00000,0x000000076eb00000,0x000000076f580000)
 ParOldGen       total 175104K, used 0K [0x00000006c0000000, 0x00000006cab00000, 0x000000076ab00000)
  object space 175104K, 0% used [0x00000006c0000000,0x00000006c0000000,0x00000006cab00000)
 Metaspace       used 9446K, capacity 9864K, committed 10112K, reserved 1058816K
  class space    used 1188K, capacity 1288K, committed 1408K, reserved 1048576K
Event: 2.719 GC heap after
Heap after GC invocations=1 (full 0):
 PSYoungGen      total 76288K, used 6656K [0x000000076ab00000, 0x0000000770000000, 0x00000007c0000000)
  eden space 65536K, 0% used [0x000000076ab00000,0x000000076ab00000,0x000000076eb00000)
  from space 10752K, 61% used [0x000000076eb00000,0x000000076f180030,0x000000076f580000)
  to   space 10752K, 0% used [0x000000076f580000,0x000000076f580000,0x0000000770000000)
 ParOldGen       total 175104K, used 80K [0x00000006c0000000, 0x00000006cab00000, 0x000000076ab00000)
  object space 175104K, 0% used [0x00000006c0000000,0x00000006c0014010,0x00000006cab00000)
 Metaspace       used 9446K, capacity 9864K, committed 10112K, reserved 1058816K
  class space    used 1188K, capacity 1288K, committed 1408K, reserved 1048576K
}
Event: 3.327 GC heap before
{Heap before GC invocations=2 (full 0):
 PSYoungGen      total 76288K, used 72192K [0x000000076ab00000, 0x0000000770000000, 0x00000007c0000000)
  eden space 65536K, 100% used [0x000000076ab00000,0x000000076eb00000,0x000000076eb00000)
  from space 10752K, 61% used [0x000000076eb00000,0x000000076f180030,0x000000076f580000)
  to   space 10752K, 0% used [0x000000076f580000,0x000000076f580000,0x0000000770000000)
 ParOldGen       total 175104K, used 80K [0x00000006c0000000, 0x00000006cab00000, 0x000000076ab00000)
  object space 175104K, 0% used [0x00000006c0000000,0x00000006c0014010,0x00000006cab00000)
 Metaspace       used 11516K, capacity 11914K, committed 12032K, reserved 1060864K
  class space    used 1423K, capacity 1519K, committed 1536K, reserved 1048576K
Event: 3.340 GC heap after
Heap after GC invocations=2 (full 0):
 PSYoungGen      total 76288K, used 10751K [0x000000076ab00000, 0x0000000774000000, 0x00000007c0000000)
  eden space 65536K, 0% used [0x000000076ab00000,0x000000076ab00000,0x000000076eb00000)
  from space 10752K, 99% used [0x000000076f580000,0x000000076ffffec0,0x0000000770000000)
  to   space 10752K, 0% used [0x000000076eb00000,0x000000076eb00000,0x000000076f580000)
 ParOldGen       total 175104K, used 2720K [0x00000006c0000000, 0x00000006cab00000, 0x000000076ab00000)
  object space 175104K, 1% used [0x00000006c0000000,0x00000006c02a8010,0x00000006cab00000)
 Metaspace       used 11516K, capacity 11914K, committed 12032K, reserved 1060864K
  class space    used 1423K, capacity 1519K, committed 1536K, reserved 1048576K
}
Event: 4.130 GC heap before
{Heap before GC invocations=3 (full 0):
 PSYoungGen      total 76288K, used 76287K [0x000000076ab00000, 0x0000000774000000, 0x00000007c0000000)
  eden space 65536K, 100% used [0x000000076ab00000,0x000000076eb00000,0x000000076eb00000)
  from space 10752K, 99% used [0x000000076f580000,0x000000076ffffec0,0x0000000770000000)
  to   space 10752K, 0% used [0x000000076eb00000,0x000000076eb00000,0x000000076f580000)
 ParOldGen       total 175104K, used 2720K [0x00000006c0000000, 0x00000006cab00000, 0x000000076ab00000)
  object space 175104K, 1% used [0x00000006c0000000,0x00000006c02a8010,0x00000006cab00000)
 Metaspace       used 11853K, capacity 12236K, committed 12416K, reserved 1060864K
  class space    used 1446K, capacity 1556K, committed 1664K, reserved 1048576K
Event: 4.144 GC heap after
Heap after GC invocations=3 (full 0):
 PSYoungGen      total 76288K, used 10744K [0x000000076ab00000, 0x0000000774000000, 0x00000007c0000000)
  eden space 65536K, 0% used [0x000000076ab00000,0x000000076ab00000,0x000000076eb00000)
  from space 10752K, 99% used [0x000000076eb00000,0x000000076f57e168,0x000000076f580000)
  to   space 10752K, 0% used [0x0000000773580000,0x0000000773580000,0x0000000774000000)
 ParOldGen       total 175104K, used 19668K [0x00000006c0000000, 0x00000006cab00000, 0x000000076ab00000)
  object space 175104K, 11% used [0x00000006c0000000,0x00000006c1335060,0x00000006cab00000)
 Metaspace       used 11853K, capacity 12236K, committed 12416K, reserved 1060864K
  class space    used 1446K, capacity 1556K, committed 1664K, reserved 1048576K
}
Event: 5.306 GC heap before
{Heap before GC invocations=4 (full 0):
 PSYoungGen      total 76288K, used 76271K [0x000000076ab00000, 0x0000000774000000, 0x00000007c0000000)
  eden space 65536K, 99% used [0x000000076ab00000,0x000000076eafdae8,0x000000076eb00000)
  from space 10752K, 99% used [0x000000076eb00000,0x000000076f57e168,0x000000076f580000)
  to   space 10752K, 0% used [0x0000000773580000,0x0000000773580000,0x0000000774000000)
 ParOldGen       total 175104K, used 19668K [0x00000006c0000000, 0x00000006cab00000, 0x000000076ab00000)
  object space 175104K, 11% used [0x00000006c0000000,0x00000006c1335060,0x00000006cab00000)
 Metaspace       used 11913K, capacity 12300K, committed 12672K, reserved 1060864K
  class space    used 1446K, capacity 1556K, committed 1664K, reserved 1048576K
Event: 5.322 GC heap after
Heap after GC invocations=4 (full 0):
 PSYoungGen      total 141824K, used 10747K [0x000000076ab00000, 0x0000000774000000, 0x00000007c0000000)
  eden space 131072K, 0% used [0x000000076ab00000,0x000000076ab00000,0x0000000772b00000)
  from space 10752K, 99% used [0x0000000773580000,0x0000000773ffed98,0x0000000774000000)
  to   space 10752K, 0% used [0x0000000772b00000,0x0000000772b00000,0x0000000773580000)
 ParOldGen       total 175104K, used 40998K [0x00000006c0000000, 0x00000006cab00000, 0x000000076ab00000)
  object space 175104K, 23% used [0x00000006c0000000,0x00000006c2809870,0x00000006cab00000)
 Metaspace       used 11913K, capacity 12300K, committed 12672K, reserved 1060864K
  class space    used 1446K, capacity 1556K, committed 1664K, reserved 1048576K
}
Event: 14.816 GC heap before
{Heap before GC invocations=5 (full 0):
 PSYoungGen      total 141824K, used 141819K [0x000000076ab00000, 0x0000000774000000, 0x00000007c0000000)
  eden space 131072K, 100% used [0x000000076ab00000,0x0000000772b00000,0x0000000772b00000)
  from space 10752K, 99% used [0x0000000773580000,0x0000000773ffed98,0x0000000774000000)
  to   space 10752K, 0% used [0x0000000772b00000,0x0000000772b00000,0x0000000773580000)
 ParOldGen       total 175104K, used 40998K [0x00000006c0000000, 0x00000006cab00000, 0x000000076ab00000)
  object space 175104K, 23% used [0x00000006c0000000,0x00000006c2809870,0x00000006cab00000)
 Metaspace       used 12000K, capacity 12432K, committed 12672K, reserved 1060864K
  class space    used 1449K, capacity 1556K, committed 1664K, reserved 1048576K
Event: 14.843 GC heap after
Heap after GC invocations=5 (full 0):
 PSYoungGen      total 141824K, used 10749K [0x000000076ab00000, 0x0000000782a00000, 0x00000007c0000000)
  eden space 131072K, 0% used [0x000000076ab00000,0x000000076ab00000,0x0000000772b00000)
  from space 10752K, 99% used [0x0000000772b00000,0x000000077357f738,0x0000000773580000)
  to   space 65024K, 0% used [0x000000077ea80000,0x000000077ea80000,0x0000000782a00000)
 ParOldGen       total 175104K, used 92178K [0x00000006c0000000, 0x00000006cab00000, 0x000000076ab00000)
  object space 175104K, 52% used [0x00000006c0000000,0x00000006c5a04bc8,0x00000006cab00000)
 Metaspace       used 12000K, capacity 12432K, committed 12672K, reserved 1060864K
  class space    used 1449K, capacity 1556K, committed 1664K, reserved 1048576K
}

