# JRE version: Java(TM) SE Runtime Environment (8.0_25-b17) (build 1.8.0_25-b17)
# Java VM: Java HotSpot(TM) 64-Bit Server VM (25.25-b02 mixed mode bsd-amd64 compressed oops)
Heap:
 PSYoungGen      total 1397248K, used 209707K [0x000000076ab00000, 0x00000007c0000000, 0x00000007c0000000)
  eden space 1396736K, 15% used [0x000000076ab00000,0x000000077779afa0,0x00000007bff00000)
  from space 512K, 37% used [0x00000007bff80000,0x00000007bffb0000,0x00000007c0000000)
  to   space 512K, 0% used [0x00000007bff00000,0x00000007bff00000,0x00000007bff80000)
 ParOldGen       total 131072K, used 55410K [0x00000006c0000000, 0x00000006c8000000, 0x000000076ab00000)
  object space 131072K, 42% used [0x00000006c0000000,0x00000006c361ca20,0x00000006c8000000)
 Metaspace       used 23002K, capacity 24414K, committed 24448K, reserved 1071104K
  class space    used 3184K, capacity 3425K, committed 3456K, reserved 1048576K
GC Heap History (10 events):
Event: 98.555 GC heap before
{Heap before GC invocations=2791 (full 1):
 PSYoungGen      total 1397248K, used 1396864K [0x000000076ab00000, 0x00000007c0000000, 0x00000007c0000000)
  eden space 1396736K, 100% used [0x000000076ab00000,0x00000007bff00000,0x00000007bff00000)
  from space 512K, 25% used [0x00000007bff00000,0x00000007bff20000,0x00000007bff80000)
  to   space 512K, 0% used [0x00000007bff80000,0x00000007bff80000,0x00000007c0000000)
 ParOldGen       total 131072K, used 55386K [0x00000006c0000000, 0x00000006c8000000, 0x000000076ab00000)
  object space 131072K, 42% used [0x00000006c0000000,0x00000006c3616a20,0x00000006c8000000)
 Metaspace       used 23002K, capacity 24414K, committed 24448K, reserved 1071104K
  class space    used 3184K, capacity 3425K, committed 3456K, reserved 1048576K
Event: 98.556 GC heap after
Heap after GC invocations=2791 (full 1):
 PSYoungGen      total 1397248K, used 0K [0x000000076ab00000, 0x00000007c0000000, 0x00000007c0000000)
  eden space 1396736K, 0% used [0x000000076ab00000,0x000000076ab00000,0x00000007bff00000)
  from space 512K, 0% used [0x00000007bff80000,0x00000007bff80000,0x00000007c0000000)
  to   space 512K, 0% used [0x00000007bff00000,0x00000007bff00000,0x00000007bff80000)
 ParOldGen       total 131072K, used 55394K [0x00000006c0000000, 0x00000006c8000000, 0x000000076ab00000)
  object space 131072K, 42% used [0x00000006c0000000,0x00000006c3618a20,0x00000006c8000000)
 Metaspace       used 23002K, capacity 24414K, committed 24448K, reserved 1071104K
  class space    used 3184K, capacity 3425K, committed 3456K, reserved 1048576K
}
Event: 98.594 GC heap before
{Heap before GC invocations=2792 (full 1):
 PSYoungGen      total 1397248K, used 1396736K [0x000000076ab00000, 0x00000007c0000000, 0x00000007c0000000)
  eden space 1396736K, 100% used [0x000000076ab00000,0x00000007bff00000,0x00000007bff00000)
  from space 512K, 0% used [0x00000007bff80000,0x00000007bff80000,0x00000007c0000000)
  to   space 512K, 0% used [0x00000007bff00000,0x00000007bff00000,0x00000007bff80000)
 ParOldGen       total 131072K, used 55394K [0x00000006c0000000, 0x00000006c8000000, 0x000000076ab00000)
  object space 131072K, 42% used [0x00000006c0000000,0x00000006c3618a20,0x00000006c8000000)
 Metaspace       used 23002K, capacity 24414K, committed 24448K, reserved 1071104K
  class space    used 3184K, capacity 3425K, committed 3456K, reserved 1048576K
Event: 98.595 GC heap after
Heap after GC invocations=2792 (full 1):
 PSYoungGen      total 1397248K, used 32K [0x000000076ab00000, 0x00000007c0000000, 0x00000007c0000000)
  eden space 1396736K, 0% used [0x000000076ab00000,0x000000076ab00000,0x00000007bff00000)
  from space 512K, 6% used [0x00000007bff00000,0x00000007bff08000,0x00000007bff80000)
  to   space 512K, 0% used [0x00000007bff80000,0x00000007bff80000,0x00000007c0000000)
 ParOldGen       total 131072K, used 55394K [0x00000006c0000000, 0x00000006c8000000, 0x000000076ab00000)
  object space 131072K, 42% used [0x00000006c0000000,0x00000006c3618a20,0x00000006c8000000)
 Metaspace       used 23002K, capacity 24414K, committed 24448K, reserved 1071104K
  class space    used 3184K, capacity 3425K, committed 3456K, reserved 1048576K
}
Event: 98.640 GC heap before
{Heap before GC invocations=2793 (full 1):
 PSYoungGen      total 1397248K, used 1396768K [0x000000076ab00000, 0x00000007c0000000, 0x00000007c0000000)
  eden space 1396736K, 100% used [0x000000076ab00000,0x00000007bff00000,0x00000007bff00000)
  from space 512K, 6% used [0x00000007bff00000,0x00000007bff08000,0x00000007bff80000)
  to   space 512K, 0% used [0x00000007bff80000,0x00000007bff80000,0x00000007c0000000)
 ParOldGen       total 131072K, used 55394K [0x00000006c0000000, 0x00000006c8000000, 0x000000076ab00000)
  object space 131072K, 42% used [0x00000006c0000000,0x00000006c3618a20,0x00000006c8000000)
 Metaspace       used 23002K, capacity 24414K, committed 24448K, reserved 1071104K
  class space    used 3184K, capacity 3425K, committed 3456K, reserved 1048576K
Event: 98.641 GC heap after
Heap after GC invocations=2793 (full 1):
 PSYoungGen      total 1397248K, used 0K [0x000000076ab00000, 0x00000007c0000000, 0x00000007c0000000)
  eden space 1396736K, 0% used [0x000000076ab00000,0x000000076ab00000,0x00000007bff00000)
  from space 512K, 0% used [0x00000007bff80000,0x00000007bff80000,0x00000007c0000000)
  to   space 512K, 0% used [0x00000007bff00000,0x00000007bff00000,0x00000007bff80000)
 ParOldGen       total 131072K, used 55410K [0x00000006c0000000, 0x00000006c8000000, 0x000000076ab00000)
  object space 131072K, 42% used [0x00000006c0000000,0x00000006c361ca20,0x00000006c8000000)
 Metaspace       used 23002K, capacity 24414K, committed 24448K, reserved 1071104K
  class space    used 3184K, capacity 3425K, committed 3456K, reserved 1048576K
}
Event: 98.686 GC heap before
{Heap before GC invocations=2794 (full 1):
 PSYoungGen      total 1397248K, used 1396736K [0x000000076ab00000, 0x00000007c0000000, 0x00000007c0000000)
  eden space 1396736K, 100% used [0x000000076ab00000,0x00000007bff00000,0x00000007bff00000)
  from space 512K, 0% used [0x00000007bff80000,0x00000007bff80000,0x00000007c0000000)
  to   space 512K, 0% used [0x00000007bff00000,0x00000007bff00000,0x00000007bff80000)
 ParOldGen       total 131072K, used 55410K [0x00000006c0000000, 0x00000006c8000000, 0x000000076ab00000)
  object space 131072K, 42% used [0x00000006c0000000,0x00000006c361ca20,0x00000006c8000000)
 Metaspace       used 23002K, capacity 24414K, committed 24448K, reserved 1071104K
  class space    used 3184K, capacity 3425K, committed 3456K, reserved 1048576K
Event: 98.687 GC heap after
Heap after GC invocations=2794 (full 1):
 PSYoungGen      total 1397248K, used 0K [0x000000076ab00000, 0x00000007c0000000, 0x00000007c0000000)
  eden space 1396736K, 0% used [0x000000076ab00000,0x000000076ab00000,0x00000007bff00000)
  from space 512K, 0% used [0x00000007bff00000,0x00000007bff00000,0x00000007bff80000)
  to   space 512K, 0% used [0x00000007bff80000,0x00000007bff80000,0x00000007c0000000)
 ParOldGen       total 131072K, used 55410K [0x00000006c0000000, 0x00000006c8000000, 0x000000076ab00000)
  object space 131072K, 42% used [0x00000006c0000000,0x00000006c361ca20,0x00000006c8000000)
 Metaspace       used 23002K, capacity 24414K, committed 24448K, reserved 1071104K
  class space    used 3184K, capacity 3425K, committed 3456K, reserved 1048576K
}
Event: 98.734 GC heap before
{Heap before GC invocations=2795 (full 1):
 PSYoungGen      total 1397248K, used 1396736K [0x000000076ab00000, 0x00000007c0000000, 0x00000007c0000000)
  eden space 1396736K, 100% used [0x000000076ab00000,0x00000007bff00000,0x00000007bff00000)
  from space 512K, 0% used [0x00000007bff00000,0x00000007bff00000,0x00000007bff80000)
  to   space 512K, 0% used [0x00000007bff80000,0x00000007bff80000,0x00000007c0000000)
 ParOldGen       total 131072K, used 55410K [0x00000006c0000000, 0x00000006c8000000, 0x000000076ab00000)
  object space 131072K, 42% used [0x00000006c0000000,0x00000006c361ca20,0x00000006c8000000)
 Metaspace       used 23002K, capacity 24414K, committed 24448K, reserved 1071104K
  class space    used 3184K, capacity 3425K, committed 3456K, reserved 1048576K
Event: 98.735 GC heap after
Heap after GC invocations=2795 (full 1):
 PSYoungGen      total 1397248K, used 192K [0x000000076ab00000, 0x00000007c0000000, 0x00000007c0000000)
  eden space 1396736K, 0% used [0x000000076ab00000,0x000000076ab00000,0x00000007bff00000)
  from space 512K, 37% used [0x00000007bff80000,0x00000007bffb0000,0x00000007c0000000)
  to   space 512K, 0% used [0x00000007bff00000,0x00000007bff00000,0x00000007bff80000)
 ParOldGen       total 131072K, used 55410K [0x00000006c0000000, 0x00000006c8000000, 0x000000076ab00000)
  object space 131072K, 42% used [0x00000006c0000000,0x00000006c361ca20,0x00000006c8000000)
 Metaspace       used 23002K, capacity 24414K, committed 24448K, reserved 1071104K
  class space    used 3184K, capacity 3425K, committed 3456K, reserved 1048576K
}

