# JRE version: Java(TM) SE Runtime Environment (8.0_25-b17) (build 1.8.0_25-b17)
# Java VM: Java HotSpot(TM) 64-Bit Server VM (25.25-b02 mixed mode bsd-amd64 compressed oops)
Heap:
 PSYoungGen      total 1397248K, used 470503K [0x000000076ab00000, 0x00000007c0000000, 0x00000007c0000000)
  eden space 1396736K, 33% used [0x000000076ab00000,0x0000000787641cc8,0x00000007bff00000)
  from space 512K, 43% used [0x00000007bff00000,0x00000007bff38000,0x00000007bff80000)
  to   space 512K, 0% used [0x00000007bff80000,0x00000007bff80000,0x00000007c0000000)
 ParOldGen       total 140288K, used 44548K [0x00000006c0000000, 0x00000006c8900000, 0x000000076ab00000)
  object space 140288K, 31% used [0x00000006c0000000,0x00000006c2b81220,0x00000006c8900000)
 Metaspace       used 23565K, capacity 25066K, committed 25344K, reserved 1071104K
  class space    used 3296K, capacity 3545K, committed 3584K, reserved 1048576K
GC Heap History (10 events):
Event: 15.380 GC heap before
{Heap before GC invocations=924 (full 1):
 PSYoungGen      total 1397248K, used 1396736K [0x000000076ab00000, 0x00000007c0000000, 0x00000007c0000000)
  eden space 1396736K, 100% used [0x000000076ab00000,0x00000007bff00000,0x00000007bff00000)
  from space 512K, 0% used [0x00000007bff80000,0x00000007bff80000,0x00000007c0000000)
  to   space 512K, 0% used [0x00000007bff00000,0x00000007bff00000,0x00000007bff80000)
 ParOldGen       total 140288K, used 44484K [0x00000006c0000000, 0x00000006c8900000, 0x000000076ab00000)
  object space 140288K, 31% used [0x00000006c0000000,0x00000006c2b71220,0x00000006c8900000)
 Metaspace       used 23528K, capacity 25060K, committed 25344K, reserved 1071104K
  class space    used 3295K, capacity 3544K, committed 3584K, reserved 1048576K
Event: 15.380 GC heap after
Heap after GC invocations=924 (full 1):
 PSYoungGen      total 1397248K, used 0K [0x000000076ab00000, 0x00000007c0000000, 0x00000007c0000000)
  eden space 1396736K, 0% used [0x000000076ab00000,0x000000076ab00000,0x00000007bff00000)
  from space 512K, 0% used [0x00000007bff00000,0x00000007bff00000,0x00000007bff80000)
  to   space 512K, 0% used [0x00000007bff80000,0x00000007bff80000,0x00000007c0000000)
 ParOldGen       total 140288K, used 44484K [0x00000006c0000000, 0x00000006c8900000, 0x000000076ab00000)
  object space 140288K, 31% used [0x00000006c0000000,0x00000006c2b71220,0x00000006c8900000)
 Metaspace       used 23528K, capacity 25060K, committed 25344K, reserved 1071104K
  class space    used 3295K, capacity 3544K, committed 3584K, reserved 1048576K
}
Event: 15.382 GC heap before
{Heap before GC invocations=925 (full 1):
 PSYoungGen      total 1397248K, used 1396736K [0x000000076ab00000, 0x00000007c0000000, 0x00000007c0000000)
  eden space 1396736K, 100% used [0x000000076ab00000,0x00000007bff00000,0x00000007bff00000)
  from space 512K, 0% used [0x00000007bff00000,0x00000007bff00000,0x00000007bff80000)
  to   space 512K, 0% used [0x00000007bff80000,0x00000007bff80000,0x00000007c0000000)
 ParOldGen       total 140288K, used 44484K [0x00000006c0000000, 0x00000006c8900000, 0x000000076ab00000)
  object space 140288K, 31% used [0x00000006c0000000,0x00000006c2b71220,0x00000006c8900000)
 Metaspace       used 23528K, capacity 25060K, committed 25344K, reserved 1071104K
  class space    used 3295K, capacity 3544K, committed 3584K, reserved 1048576K
Event: 15.383 GC heap after
Heap after GC invocations=925 (full 1):
 PSYoungGen      total 1397248K, used 32K [0x000000076ab00000, 0x00000007c0000000, 0x00000007c0000000)
  eden space 1396736K, 0% used [0x000000076ab00000,0x000000076ab00000,0x00000007bff00000)
  from space 512K, 6% used [0x00000007bff80000,0x00000007bff88000,0x00000007c0000000)
  to   space 512K, 0% used [0x00000007bff00000,0x00000007bff00000,0x00000007bff80000)
 ParOldGen       total 140288K, used 44484K [0x00000006c0000000, 0x00000006c8900000, 0x000000076ab00000)
  object space 140288K, 31% used [0x00000006c0000000,0x00000006c2b71220,0x00000006c8900000)
 Metaspace       used 23528K, capacity 25060K, committed 25344K, reserved 1071104K
  class space    used 3295K, capacity 3544K, committed 3584K, reserved 1048576K
}
Event: 15.386 GC heap before
{Heap before GC invocations=926 (full 1):
 PSYoungGen      total 1397248K, used 1396768K [0x000000076ab00000, 0x00000007c0000000, 0x00000007c0000000)
  eden space 1396736K, 100% used [0x000000076ab00000,0x00000007bff00000,0x00000007bff00000)
  from space 512K, 6% used [0x00000007bff80000,0x00000007bff88000,0x00000007c0000000)
  to   space 512K, 0% used [0x00000007bff00000,0x00000007bff00000,0x00000007bff80000)
 ParOldGen       total 140288K, used 44484K [0x00000006c0000000, 0x00000006c8900000, 0x000000076ab00000)
  object space 140288K, 31% used [0x00000006c0000000,0x00000006c2b71220,0x00000006c8900000)
 Metaspace       used 23528K, capacity 25060K, committed 25344K, reserved 1071104K
  class space    used 3295K, capacity 3544K, committed 3584K, reserved 1048576K
Event: 15.387 GC heap after
Heap after GC invocations=926 (full 1):
 PSYoungGen      total 1397248K, used 64K [0x000000076ab00000, 0x00000007c0000000, 0x00000007c0000000)
  eden space 1396736K, 0% used [0x000000076ab00000,0x000000076ab00000,0x00000007bff00000)
  from space 512K, 12% used [0x00000007bff00000,0x00000007bff10000,0x00000007bff80000)
  to   space 512K, 0% used [0x00000007bff80000,0x00000007bff80000,0x00000007c0000000)
 ParOldGen       total 140288K, used 44516K [0x00000006c0000000, 0x00000006c8900000, 0x000000076ab00000)
  object space 140288K, 31% used [0x00000006c0000000,0x00000006c2b79220,0x00000006c8900000)
 Metaspace       used 23528K, capacity 25060K, committed 25344K, reserved 1071104K
  class space    used 3295K, capacity 3544K, committed 3584K, reserved 1048576K
}
Event: 15.390 GC heap before
{Heap before GC invocations=927 (full 1):
 PSYoungGen      total 1397248K, used 1396800K [0x000000076ab00000, 0x00000007c0000000, 0x00000007c0000000)
  eden space 1396736K, 100% used [0x000000076ab00000,0x00000007bff00000,0x00000007bff00000)
  from space 512K, 12% used [0x00000007bff00000,0x00000007bff10000,0x00000007bff80000)
  to   space 512K, 0% used [0x00000007bff80000,0x00000007bff80000,0x00000007c0000000)
 ParOldGen       total 140288K, used 44516K [0x00000006c0000000, 0x00000006c8900000, 0x000000076ab00000)
  object space 140288K, 31% used [0x00000006c0000000,0x00000006c2b79220,0x00000006c8900000)
 Metaspace       used 23528K, capacity 25060K, committed 25344K, reserved 1071104K
  class space    used 3295K, capacity 3544K, committed 3584K, reserved 1048576K
Event: 15.391 GC heap after
Heap after GC invocations=927 (full 1):
 PSYoungGen      total 1397248K, used 32K [0x000000076ab00000, 0x00000007c0000000, 0x00000007c0000000)
  eden space 1396736K, 0% used [0x000000076ab00000,0x000000076ab00000,0x00000007bff00000)
  from space 512K, 6% used [0x00000007bff80000,0x00000007bff88000,0x00000007c0000000)
  to   space 512K, 0% used [0x00000007bff00000,0x00000007bff00000,0x00000007bff80000)
 ParOldGen       total 140288K, used 44540K [0x00000006c0000000, 0x00000006c8900000, 0x000000076ab00000)
  object space 140288K, 31% used [0x00000006c0000000,0x00000006c2b7f220,0x00000006c8900000)
 Metaspace       used 23528K, capacity 25060K, committed 25344K, reserved 1071104K
  class space    used 3295K, capacity 3544K, committed 3584K, reserved 1048576K
}
Event: 16.306 GC heap before
{Heap before GC invocations=928 (full 1):
 PSYoungGen      total 1397248K, used 1396768K [0x000000076ab00000, 0x00000007c0000000, 0x00000007c0000000)
  eden space 1396736K, 100% used [0x000000076ab00000,0x00000007bff00000,0x00000007bff00000)
  from space 512K, 6% used [0x00000007bff80000,0x00000007bff88000,0x00000007c0000000)
  to   space 512K, 0% used [0x00000007bff00000,0x00000007bff00000,0x00000007bff80000)
 ParOldGen       total 140288K, used 44540K [0x00000006c0000000, 0x00000006c8900000, 0x000000076ab00000)
  object space 140288K, 31% used [0x00000006c0000000,0x00000006c2b7f220,0x00000006c8900000)
 Metaspace       used 23565K, capacity 25066K, committed 25344K, reserved 1071104K
  class space    used 3296K, capacity 3545K, committed 3584K, reserved 1048576K
Event: 16.307 GC heap after
Heap after GC invocations=928 (full 1):
 PSYoungGen      total 1397248K, used 224K [0x000000076ab00000, 0x00000007c0000000, 0x00000007c0000000)
  eden space 1396736K, 0% used [0x000000076ab00000,0x000000076ab00000,0x00000007bff00000)
  from space 512K, 43% used [0x00000007bff00000,0x00000007bff38000,0x00000007bff80000)
  to   space 512K, 0% used [0x00000007bff80000,0x00000007bff80000,0x00000007c0000000)
 ParOldGen       total 140288K, used 44548K [0x00000006c0000000, 0x00000006c8900000, 0x000000076ab00000)
  object space 140288K, 31% used [0x00000006c0000000,0x00000006c2b81220,0x00000006c8900000)
 Metaspace       used 23565K, capacity 25066K, committed 25344K, reserved 1071104K
  class space    used 3296K, capacity 3545K, committed 3584K, reserved 1048576K
}

