# JRE version: Java(TM) SE Runtime Environment (8.0_25-b17) (build 1.8.0_25-b17)
# Java VM: Java HotSpot(TM) 64-Bit Server VM (25.25-b02 mixed mode bsd-amd64 compressed oops)
Heap:
 PSYoungGen      total 1331712K, used 522631K [0x000000076ab00000, 0x00000007c0000000, 0x00000007c0000000)
  eden space 1331200K, 39% used [0x000000076ab00000,0x000000078a921d80,0x00000007bbf00000)
  from space 512K, 50% used [0x00000007bff80000,0x00000007bffc0000,0x00000007c0000000)
  to   space 512K, 0% used [0x00000007bff00000,0x00000007bff00000,0x00000007bff80000)
 ParOldGen       total 131584K, used 54274K [0x00000006c0000000, 0x00000006c8080000, 0x000000076ab00000)
  object space 131584K, 41% used [0x00000006c0000000,0x00000006c3500ae8,0x00000006c8080000)
 Metaspace       used 24489K, capacity 26146K, committed 26240K, reserved 1071104K
  class space    used 3377K, capacity 3637K, committed 3712K, reserved 1048576K
GC Heap History (10 events):
Event: 136.843 GC heap before
{Heap before GC invocations=797 (full 1):
 PSYoungGen      total 1397248K, used 1396928K [0x000000076ab00000, 0x00000007c0000000, 0x00000007c0000000)
  eden space 1396736K, 100% used [0x000000076ab00000,0x00000007bff00000,0x00000007bff00000)
  from space 512K, 37% used [0x00000007bff00000,0x00000007bff30000,0x00000007bff80000)
  to   space 512K, 0% used [0x00000007bff80000,0x00000007bff80000,0x00000007c0000000)
 ParOldGen       total 131584K, used 54250K [0x00000006c0000000, 0x00000006c8080000, 0x000000076ab00000)
  object space 131584K, 41% used [0x00000006c0000000,0x00000006c34faae8,0x00000006c8080000)
 Metaspace       used 24480K, capacity 26082K, committed 26240K, reserved 1071104K
  class space    used 3377K, capacity 3637K, committed 3712K, reserved 1048576K
Event: 136.844 GC heap after
Heap after GC invocations=797 (full 1):
 PSYoungGen      total 1397248K, used 192K [0x000000076ab00000, 0x00000007c0000000, 0x00000007c0000000)
  eden space 1396736K, 0% used [0x000000076ab00000,0x000000076ab00000,0x00000007bff00000)
  from space 512K, 37% used [0x00000007bff80000,0x00000007bffb0000,0x00000007c0000000)
  to   space 512K, 0% used [0x00000007bff00000,0x00000007bff00000,0x00000007bff80000)
 ParOldGen       total 131584K, used 54250K [0x00000006c0000000, 0x00000006c8080000, 0x000000076ab00000)
  object space 131584K, 41% used [0x00000006c0000000,0x00000006c34faae8,0x00000006c8080000)
 Metaspace       used 24480K, capacity 26082K, committed 26240K, reserved 1071104K
  class space    used 3377K, capacity 3637K, committed 3712K, reserved 1048576K
}
Event: 136.927 GC heap before
{Heap before GC invocations=798 (full 1):
 PSYoungGen      total 1397248K, used 1396928K [0x000000076ab00000, 0x00000007c0000000, 0x00000007c0000000)
  eden space 1396736K, 100% used [0x000000076ab00000,0x00000007bff00000,0x00000007bff00000)
  from space 512K, 37% used [0x00000007bff80000,0x00000007bffb0000,0x00000007c0000000)
  to   space 512K, 0% used [0x00000007bff00000,0x00000007bff00000,0x00000007bff80000)
 ParOldGen       total 131584K, used 54250K [0x00000006c0000000, 0x00000006c8080000, 0x000000076ab00000)
  object space 131584K, 41% used [0x00000006c0000000,0x00000006c34faae8,0x00000006c8080000)
 Metaspace       used 24480K, capacity 26082K, committed 26240K, reserved 1071104K
  class space    used 3377K, capacity 3637K, committed 3712K, reserved 1048576K
Event: 136.928 GC heap after
Heap after GC invocations=798 (full 1):
 PSYoungGen      total 1397248K, used 288K [0x000000076ab00000, 0x00000007c0000000, 0x00000007c0000000)
  eden space 1396736K, 0% used [0x000000076ab00000,0x000000076ab00000,0x00000007bff00000)
  from space 512K, 56% used [0x00000007bff00000,0x00000007bff48000,0x00000007bff80000)
  to   space 512K, 0% used [0x00000007bff80000,0x00000007bff80000,0x00000007c0000000)
 ParOldGen       total 131584K, used 54250K [0x00000006c0000000, 0x00000006c8080000, 0x000000076ab00000)
  object space 131584K, 41% used [0x00000006c0000000,0x00000006c34faae8,0x00000006c8080000)
 Metaspace       used 24480K, capacity 26082K, committed 26240K, reserved 1071104K
  class space    used 3377K, capacity 3637K, committed 3712K, reserved 1048576K
}
Event: 136.993 GC heap before
{Heap before GC invocations=799 (full 1):
 PSYoungGen      total 1397248K, used 1397024K [0x000000076ab00000, 0x00000007c0000000, 0x00000007c0000000)
  eden space 1396736K, 100% used [0x000000076ab00000,0x00000007bff00000,0x00000007bff00000)
  from space 512K, 56% used [0x00000007bff00000,0x00000007bff48000,0x00000007bff80000)
  to   space 512K, 0% used [0x00000007bff80000,0x00000007bff80000,0x00000007c0000000)
 ParOldGen       total 131584K, used 54250K [0x00000006c0000000, 0x00000006c8080000, 0x000000076ab00000)
  object space 131584K, 41% used [0x00000006c0000000,0x00000006c34faae8,0x00000006c8080000)
 Metaspace       used 24480K, capacity 26082K, committed 26240K, reserved 1071104K
  class space    used 3377K, capacity 3637K, committed 3712K, reserved 1048576K
Event: 136.994 GC heap after
Heap after GC invocations=799 (full 1):
 PSYoungGen      total 1397248K, used 224K [0x000000076ab00000, 0x00000007c0000000, 0x00000007c0000000)
  eden space 1396736K, 0% used [0x000000076ab00000,0x000000076ab00000,0x00000007bff00000)
  from space 512K, 43% used [0x00000007bff80000,0x00000007bffb8000,0x00000007c0000000)
  to   space 512K, 0% used [0x00000007bff00000,0x00000007bff00000,0x00000007bff80000)
 ParOldGen       total 131584K, used 54250K [0x00000006c0000000, 0x00000006c8080000, 0x000000076ab00000)
  object space 131584K, 41% used [0x00000006c0000000,0x00000006c34faae8,0x00000006c8080000)
 Metaspace       used 24480K, capacity 26082K, committed 26240K, reserved 1071104K
  class space    used 3377K, capacity 3637K, committed 3712K, reserved 1048576K
}
Event: 147.742 GC heap before
{Heap before GC invocations=800 (full 1):
 PSYoungGen      total 1397248K, used 1396960K [0x000000076ab00000, 0x00000007c0000000, 0x00000007c0000000)
  eden space 1396736K, 100% used [0x000000076ab00000,0x00000007bff00000,0x00000007bff00000)
  from space 512K, 43% used [0x00000007bff80000,0x00000007bffb8000,0x00000007c0000000)
  to   space 512K, 0% used [0x00000007bff00000,0x00000007bff00000,0x00000007bff80000)
 ParOldGen       total 131584K, used 54250K [0x00000006c0000000, 0x00000006c8080000, 0x000000076ab00000)
  object space 131584K, 41% used [0x00000006c0000000,0x00000006c34faae8,0x00000006c8080000)
 Metaspace       used 24480K, capacity 26082K, committed 26240K, reserved 1071104K
  class space    used 3377K, capacity 3637K, committed 3712K, reserved 1048576K
Event: 147.743 GC heap after
Heap after GC invocations=800 (full 1):
 PSYoungGen      total 1397248K, used 256K [0x000000076ab00000, 0x00000007c0000000, 0x00000007c0000000)
  eden space 1396736K, 0% used [0x000000076ab00000,0x000000076ab00000,0x00000007bff00000)
  from space 512K, 50% used [0x00000007bff00000,0x00000007bff40000,0x00000007bff80000)
  to   space 512K, 0% used [0x00000007bff80000,0x00000007bff80000,0x00000007c0000000)
 ParOldGen       total 131584K, used 54274K [0x00000006c0000000, 0x00000006c8080000, 0x000000076ab00000)
  object space 131584K, 41% used [0x00000006c0000000,0x00000006c3500ae8,0x00000006c8080000)
 Metaspace       used 24480K, capacity 26082K, committed 26240K, reserved 1071104K
  class space    used 3377K, capacity 3637K, committed 3712K, reserved 1048576K
}
Event: 162.232 GC heap before
{Heap before GC invocations=801 (full 1):
 PSYoungGen      total 1397248K, used 1396992K [0x000000076ab00000, 0x00000007c0000000, 0x00000007c0000000)
  eden space 1396736K, 100% used [0x000000076ab00000,0x00000007bff00000,0x00000007bff00000)
  from space 512K, 50% used [0x00000007bff00000,0x00000007bff40000,0x00000007bff80000)
  to   space 512K, 0% used [0x00000007bff80000,0x00000007bff80000,0x00000007c0000000)
 ParOldGen       total 131584K, used 54274K [0x00000006c0000000, 0x00000006c8080000, 0x000000076ab00000)
  object space 131584K, 41% used [0x00000006c0000000,0x00000006c3500ae8,0x00000006c8080000)
 Metaspace       used 24486K, capacity 26146K, committed 26240K, reserved 1071104K
  class space    used 3377K, capacity 3637K, committed 3712K, reserved 1048576K
Event: 162.233 GC heap after
Heap after GC invocations=801 (full 1):
 PSYoungGen      total 1331712K, used 256K [0x000000076ab00000, 0x00000007c0000000, 0x00000007c0000000)
  eden space 1331200K, 0% used [0x000000076ab00000,0x000000076ab00000,0x00000007bbf00000)
  from space 512K, 50% used [0x00000007bff80000,0x00000007bffc0000,0x00000007c0000000)
  to   space 512K, 0% used [0x00000007bff00000,0x00000007bff00000,0x00000007bff80000)
 ParOldGen       total 131584K, used 54274K [0x00000006c0000000, 0x00000006c8080000, 0x000000076ab00000)
  object space 131584K, 41% used [0x00000006c0000000,0x00000006c3500ae8,0x00000006c8080000)
 Metaspace       used 24486K, capacity 26146K, committed 26240K, reserved 1071104K
  class space    used 3377K, capacity 3637K, committed 3712K, reserved 1048576K
}

